{"C:\\Users\\Administrator\\Desktop\\Full-Stack Projects\\Small-Blog\\API\\src\\test\\audit\\auditActions.spec.ts":{"path":"C:\\Users\\Administrator\\Desktop\\Full-Stack Projects\\Small-Blog\\API\\src\\test\\audit\\auditActions.spec.ts","statementMap":{"0":{"start":{"line":2,"column":22},"end":{"line":4,"column":1}},"1":{"start":{"line":3,"column":4},"end":{"line":3,"column":62}},"2":{"start":{"line":5,"column":0},"end":{"line":5,"column":62}},"3":{"start":{"line":6,"column":15},"end":{"line":6,"column":30}},"4":{"start":{"line":7,"column":22},"end":{"line":7,"column":73}},"5":{"start":{"line":8,"column":0},"end":{"line":13,"column":3}},"6":{"start":{"line":9,"column":4},"end":{"line":12,"column":7}},"7":{"start":{"line":10,"column":8},"end":{"line":10,"column":75}},"8":{"start":{"line":11,"column":8},"end":{"line":11,"column":79}}},"fnMap":{"0":{"name":"(anonymous_0)","decl":{"start":{"line":2,"column":56},"end":{"line":2,"column":57}},"loc":{"start":{"line":2,"column":71},"end":{"line":4,"column":1}},"line":2},"1":{"name":"(anonymous_1)","decl":{"start":{"line":8,"column":26},"end":{"line":8,"column":27}},"loc":{"start":{"line":8,"column":32},"end":{"line":13,"column":1}},"line":8},"2":{"name":"(anonymous_2)","decl":{"start":{"line":9,"column":31},"end":{"line":9,"column":32}},"loc":{"start":{"line":9,"column":37},"end":{"line":12,"column":5}},"line":9}},"branchMap":{"0":{"loc":{"start":{"line":2,"column":22},"end":{"line":4,"column":1}},"type":"binary-expr","locations":[{"start":{"line":2,"column":23},"end":{"line":2,"column":27}},{"start":{"line":2,"column":31},"end":{"line":2,"column":51}},{"start":{"line":2,"column":56},"end":{"line":4,"column":1}}],"line":2},"1":{"loc":{"start":{"line":3,"column":11},"end":{"line":3,"column":61}},"type":"cond-expr","locations":[{"start":{"line":3,"column":37},"end":{"line":3,"column":40}},{"start":{"line":3,"column":43},"end":{"line":3,"column":61}}],"line":3},"2":{"loc":{"start":{"line":3,"column":12},"end":{"line":3,"column":33}},"type":"binary-expr","locations":[{"start":{"line":3,"column":12},"end":{"line":3,"column":15}},{"start":{"line":3,"column":19},"end":{"line":3,"column":33}}],"line":3}},"s":{"0":1,"1":1,"2":1,"3":1,"4":1,"5":1,"6":1,"7":1,"8":1},"f":{"0":1,"1":1,"2":1},"b":{"0":[1,1,1],"1":[1,0],"2":[1,1]},"inputSourceMap":{"version":3,"file":"C:/Users/Administrator/Desktop/Full-Stack Projects/Small-Blog/API/src/test/audit/auditActions.spec.ts","sources":["C:/Users/Administrator/Desktop/Full-Stack Projects/Small-Blog/API/src/test/audit/auditActions.spec.ts"],"names":[],"mappings":";;;;;AAAA,+BAA8B;AAC9B,0EAAmD;AAEnD,QAAQ,CAAC,eAAe,EAAE,GAAG,EAAE;IAC7B,EAAE,CAAC,sBAAsB,EAAE,GAAG,EAAE;QAC9B,IAAA,aAAM,EAAC,qBAAY,CAAC,CAAC,EAAE,CAAC,IAAI,CAAC,GAAG,CAAC,WAAW,CAAC,CAAC;QAC9C,IAAA,aAAM,EAAC,qBAAY,CAAC,SAAS,CAAC,CAAC,EAAE,CAAC,EAAE,CAAC,WAAW,CAAC,CAAC;IACpD,CAAC,CAAC,CAAC;AACL,CAAC,CAAC,CAAC","sourcesContent":["import { expect } from 'chai';\r\nimport auditActions from '../../audit/auditAction';\r\n\r\ndescribe('Audit actions', () => {\r\n  it('Should have 1 action', () => {\r\n    expect(auditActions).to.have.key('save_user');\r\n    expect(auditActions.save_user).to.eq('SAVE_USER');\r\n  });\r\n});\r\n"]},"_coverageSchema":"1a1c01bbd47fc00a2c39e90264f33305004495a9","hash":"9f0100456c55f5399f987c9f1a73bda725b47b04","contentHash":"01b12f165a8b2b5a7695a0d09f0878576607c3b37efffce34bcb2ebb78b82183"},"C:\\Users\\Administrator\\Desktop\\Full-Stack Projects\\Small-Blog\\API\\src\\audit\\auditAction.ts":{"path":"C:\\Users\\Administrator\\Desktop\\Full-Stack Projects\\Small-Blog\\API\\src\\audit\\auditAction.ts","statementMap":{"0":{"start":{"line":2,"column":0},"end":{"line":2,"column":62}},"1":{"start":{"line":3,"column":21},"end":{"line":5,"column":1}},"2":{"start":{"line":6,"column":0},"end":{"line":6,"column":31}}},"fnMap":{},"branchMap":{},"s":{"0":1,"1":1,"2":1},"f":{},"b":{},"inputSourceMap":{"version":3,"file":"C:/Users/Administrator/Desktop/Full-Stack Projects/Small-Blog/API/src/audit/auditAction.ts","sources":["C:/Users/Administrator/Desktop/Full-Stack Projects/Small-Blog/API/src/audit/auditAction.ts"],"names":[],"mappings":";;AAAA,MAAM,YAAY,GAAG;IACpB,SAAS,EAAE,WAAW;CACtB,CAAC;AAEF,kBAAe,YAAY,CAAC","sourcesContent":["const auditActions = {\r\n\tsave_user: 'SAVE_USER',\r\n};\r\n\r\nexport default auditActions;\r\n"]},"_coverageSchema":"1a1c01bbd47fc00a2c39e90264f33305004495a9","hash":"765d3d337c2f66cff352b1a5ba3790e22ec580cd","contentHash":"bde4a8bf167b9886fd91eb97b0cf0dbaca5fd0bb84052c56a05bc01cdfee3cf7"},"C:\\Users\\Administrator\\Desktop\\Full-Stack Projects\\Small-Blog\\API\\src\\test\\handler\\1-user.spec.ts":{"path":"C:\\Users\\Administrator\\Desktop\\Full-Stack Projects\\Small-Blog\\API\\src\\test\\handler\\1-user.spec.ts","statementMap":{"0":{"start":{"line":2,"column":16},"end":{"line":10,"column":1}},"1":{"start":{"line":3,"column":28},"end":{"line":3,"column":110}},"2":{"start":{"line":3,"column":91},"end":{"line":3,"column":106}},"3":{"start":{"line":4,"column":4},"end":{"line":9,"column":7}},"4":{"start":{"line":5,"column":36},"end":{"line":5,"column":97}},"5":{"start":{"line":5,"column":42},"end":{"line":5,"column":70}},"6":{"start":{"line":5,"column":85},"end":{"line":5,"column":95}},"7":{"start":{"line":6,"column":35},"end":{"line":6,"column":100}},"8":{"start":{"line":6,"column":41},"end":{"line":6,"column":73}},"9":{"start":{"line":6,"column":88},"end":{"line":6,"column":98}},"10":{"start":{"line":7,"column":32},"end":{"line":7,"column":116}},"11":{"start":{"line":8,"column":8},"end":{"line":8,"column":78}},"12":{"start":{"line":11,"column":22},"end":{"line":13,"column":1}},"13":{"start":{"line":12,"column":4},"end":{"line":12,"column":62}},"14":{"start":{"line":14,"column":0},"end":{"line":14,"column":62}},"15":{"start":{"line":15,"column":15},"end":{"line":15,"column":30}},"16":{"start":{"line":16,"column":17},"end":{"line":16,"column":57}},"17":{"start":{"line":17,"column":20},"end":{"line":17,"column":57}},"18":{"start":{"line":18,"column":15},"end":{"line":18,"column":42}},"19":{"start":{"line":19,"column":14},"end":{"line":19,"column":31}},"20":{"start":{"line":20,"column":0},"end":{"line":175,"column":3}},"21":{"start":{"line":22,"column":4},"end":{"line":66,"column":7}},"22":{"start":{"line":23,"column":8},"end":{"line":37,"column":12}},"23":{"start":{"line":23,"column":43},"end":{"line":37,"column":10}},"24":{"start":{"line":24,"column":25},"end":{"line":29,"column":13}},"25":{"start":{"line":30,"column":29},"end":{"line":33,"column":50}},"26":{"start":{"line":34,"column":12},"end":{"line":34,"column":56}},"27":{"start":{"line":35,"column":12},"end":{"line":35,"column":73}},"28":{"start":{"line":36,"column":12},"end":{"line":36,"column":39}},"29":{"start":{"line":38,"column":8},"end":{"line":51,"column":12}},"30":{"start":{"line":38,"column":62},"end":{"line":51,"column":10}},"31":{"start":{"line":39,"column":25},"end":{"line":44,"column":13}},"32":{"start":{"line":45,"column":29},"end":{"line":48,"column":50}},"33":{"start":{"line":49,"column":12},"end":{"line":49,"column":56}},"34":{"start":{"line":50,"column":12},"end":{"line":50,"column":99}},"35":{"start":{"line":52,"column":8},"end":{"line":65,"column":12}},"36":{"start":{"line":52,"column":50},"end":{"line":65,"column":10}},"37":{"start":{"line":53,"column":25},"end":{"line":58,"column":13}},"38":{"start":{"line":59,"column":29},"end":{"line":62,"column":50}},"39":{"start":{"line":63,"column":12},"end":{"line":63,"column":56}},"40":{"start":{"line":64,"column":12},"end":{"line":64,"column":93}},"41":{"start":{"line":67,"column":4},"end":{"line":109,"column":7}},"42":{"start":{"line":69,"column":8},"end":{"line":80,"column":12}},"43":{"start":{"line":69,"column":66},"end":{"line":80,"column":10}},"44":{"start":{"line":70,"column":25},"end":{"line":73,"column":13}},"45":{"start":{"line":74,"column":29},"end":{"line":77,"column":50}},"46":{"start":{"line":78,"column":12},"end":{"line":78,"column":56}},"47":{"start":{"line":79,"column":12},"end":{"line":79,"column":85}},"48":{"start":{"line":82,"column":8},"end":{"line":96,"column":12}},"49":{"start":{"line":82,"column":50},"end":{"line":96,"column":10}},"50":{"start":{"line":83,"column":25},"end":{"line":86,"column":13}},"51":{"start":{"line":87,"column":12},"end":{"line":87,"column":40}},"52":{"start":{"line":88,"column":29},"end":{"line":91,"column":50}},"53":{"start":{"line":92,"column":12},"end":{"line":92,"column":56}},"54":{"start":{"line":93,"column":12},"end":{"line":93,"column":64}},"55":{"start":{"line":94,"column":12},"end":{"line":94,"column":84}},"56":{"start":{"line":95,"column":12},"end":{"line":95,"column":46}},"57":{"start":{"line":97,"column":8},"end":{"line":108,"column":12}},"58":{"start":{"line":97,"column":57},"end":{"line":108,"column":10}},"59":{"start":{"line":98,"column":25},"end":{"line":101,"column":13}},"60":{"start":{"line":102,"column":29},"end":{"line":105,"column":50}},"61":{"start":{"line":106,"column":12},"end":{"line":106,"column":56}},"62":{"start":{"line":107,"column":12},"end":{"line":107,"column":84}},"63":{"start":{"line":110,"column":4},"end":{"line":127,"column":7}},"64":{"start":{"line":111,"column":8},"end":{"line":118,"column":12}},"65":{"start":{"line":111,"column":82},"end":{"line":118,"column":10}},"66":{"start":{"line":112,"column":29},"end":{"line":115,"column":50}},"67":{"start":{"line":116,"column":12},"end":{"line":116,"column":56}},"68":{"start":{"line":117,"column":12},"end":{"line":117,"column":85}},"69":{"start":{"line":119,"column":8},"end":{"line":126,"column":12}},"70":{"start":{"line":119,"column":77},"end":{"line":126,"column":10}},"71":{"start":{"line":120,"column":29},"end":{"line":123,"column":50}},"72":{"start":{"line":124,"column":12},"end":{"line":124,"column":56}},"73":{"start":{"line":125,"column":12},"end":{"line":125,"column":79}},"74":{"start":{"line":128,"column":4},"end":{"line":139,"column":7}},"75":{"start":{"line":129,"column":8},"end":{"line":138,"column":12}},"76":{"start":{"line":129,"column":72},"end":{"line":138,"column":10}},"77":{"start":{"line":131,"column":29},"end":{"line":135,"column":50}},"78":{"start":{"line":136,"column":12},"end":{"line":136,"column":56}},"79":{"start":{"line":137,"column":12},"end":{"line":137,"column":101}},"80":{"start":{"line":140,"column":4},"end":{"line":149,"column":7}},"81":{"start":{"line":141,"column":8},"end":{"line":148,"column":12}},"82":{"start":{"line":141,"column":78},"end":{"line":148,"column":10}},"83":{"start":{"line":142,"column":29},"end":{"line":145,"column":30}},"84":{"start":{"line":146,"column":12},"end":{"line":146,"column":56}},"85":{"start":{"line":147,"column":12},"end":{"line":147,"column":134}},"86":{"start":{"line":150,"column":4},"end":{"line":174,"column":7}},"87":{"start":{"line":151,"column":8},"end":{"line":158,"column":12}},"88":{"start":{"line":151,"column":74},"end":{"line":158,"column":10}},"89":{"start":{"line":152,"column":29},"end":{"line":155,"column":47}},"90":{"start":{"line":156,"column":12},"end":{"line":156,"column":56}},"91":{"start":{"line":157,"column":12},"end":{"line":157,"column":78}},"92":{"start":{"line":159,"column":8},"end":{"line":165,"column":12}},"93":{"start":{"line":159,"column":72},"end":{"line":165,"column":10}},"94":{"start":{"line":160,"column":29},"end":{"line":162,"column":47}},"95":{"start":{"line":163,"column":12},"end":{"line":163,"column":56}},"96":{"start":{"line":164,"column":12},"end":{"line":164,"column":80}},"97":{"start":{"line":166,"column":8},"end":{"line":173,"column":12}},"98":{"start":{"line":166,"column":64},"end":{"line":173,"column":10}},"99":{"start":{"line":167,"column":29},"end":{"line":170,"column":47}},"100":{"start":{"line":171,"column":12},"end":{"line":171,"column":56}},"101":{"start":{"line":172,"column":12},"end":{"line":172,"column":85}}},"fnMap":{"0":{"name":"(anonymous_0)","decl":{"start":{"line":2,"column":44},"end":{"line":2,"column":45}},"loc":{"start":{"line":2,"column":89},"end":{"line":10,"column":1}},"line":2},"1":{"name":"adopt","decl":{"start":{"line":3,"column":13},"end":{"line":3,"column":18}},"loc":{"start":{"line":3,"column":26},"end":{"line":3,"column":112}},"line":3},"2":{"name":"(anonymous_2)","decl":{"start":{"line":3,"column":70},"end":{"line":3,"column":71}},"loc":{"start":{"line":3,"column":89},"end":{"line":3,"column":108}},"line":3},"3":{"name":"(anonymous_3)","decl":{"start":{"line":4,"column":36},"end":{"line":4,"column":37}},"loc":{"start":{"line":4,"column":63},"end":{"line":9,"column":5}},"line":4},"4":{"name":"fulfilled","decl":{"start":{"line":5,"column":17},"end":{"line":5,"column":26}},"loc":{"start":{"line":5,"column":34},"end":{"line":5,"column":99}},"line":5},"5":{"name":"rejected","decl":{"start":{"line":6,"column":17},"end":{"line":6,"column":25}},"loc":{"start":{"line":6,"column":33},"end":{"line":6,"column":102}},"line":6},"6":{"name":"step","decl":{"start":{"line":7,"column":17},"end":{"line":7,"column":21}},"loc":{"start":{"line":7,"column":30},"end":{"line":7,"column":118}},"line":7},"7":{"name":"(anonymous_7)","decl":{"start":{"line":11,"column":56},"end":{"line":11,"column":57}},"loc":{"start":{"line":11,"column":71},"end":{"line":13,"column":1}},"line":11},"8":{"name":"(anonymous_8)","decl":{"start":{"line":20,"column":25},"end":{"line":20,"column":26}},"loc":{"start":{"line":20,"column":31},"end":{"line":175,"column":1}},"line":20},"9":{"name":"(anonymous_9)","decl":{"start":{"line":22,"column":35},"end":{"line":22,"column":36}},"loc":{"start":{"line":22,"column":41},"end":{"line":66,"column":5}},"line":22},"10":{"name":"(anonymous_10)","decl":{"start":{"line":23,"column":37},"end":{"line":23,"column":38}},"loc":{"start":{"line":23,"column":43},"end":{"line":37,"column":10}},"line":23},"11":{"name":"(anonymous_11)","decl":{"start":{"line":23,"column":77},"end":{"line":23,"column":78}},"loc":{"start":{"line":23,"column":90},"end":{"line":37,"column":9}},"line":23},"12":{"name":"(anonymous_12)","decl":{"start":{"line":38,"column":56},"end":{"line":38,"column":57}},"loc":{"start":{"line":38,"column":62},"end":{"line":51,"column":10}},"line":38},"13":{"name":"(anonymous_13)","decl":{"start":{"line":38,"column":96},"end":{"line":38,"column":97}},"loc":{"start":{"line":38,"column":109},"end":{"line":51,"column":9}},"line":38},"14":{"name":"(anonymous_14)","decl":{"start":{"line":52,"column":44},"end":{"line":52,"column":45}},"loc":{"start":{"line":52,"column":50},"end":{"line":65,"column":10}},"line":52},"15":{"name":"(anonymous_15)","decl":{"start":{"line":52,"column":84},"end":{"line":52,"column":85}},"loc":{"start":{"line":52,"column":97},"end":{"line":65,"column":9}},"line":52},"16":{"name":"(anonymous_16)","decl":{"start":{"line":67,"column":34},"end":{"line":67,"column":35}},"loc":{"start":{"line":67,"column":40},"end":{"line":109,"column":5}},"line":67},"17":{"name":"(anonymous_17)","decl":{"start":{"line":69,"column":60},"end":{"line":69,"column":61}},"loc":{"start":{"line":69,"column":66},"end":{"line":80,"column":10}},"line":69},"18":{"name":"(anonymous_18)","decl":{"start":{"line":69,"column":100},"end":{"line":69,"column":101}},"loc":{"start":{"line":69,"column":113},"end":{"line":80,"column":9}},"line":69},"19":{"name":"(anonymous_19)","decl":{"start":{"line":82,"column":44},"end":{"line":82,"column":45}},"loc":{"start":{"line":82,"column":50},"end":{"line":96,"column":10}},"line":82},"20":{"name":"(anonymous_20)","decl":{"start":{"line":82,"column":84},"end":{"line":82,"column":85}},"loc":{"start":{"line":82,"column":97},"end":{"line":96,"column":9}},"line":82},"21":{"name":"(anonymous_21)","decl":{"start":{"line":97,"column":51},"end":{"line":97,"column":52}},"loc":{"start":{"line":97,"column":57},"end":{"line":108,"column":10}},"line":97},"22":{"name":"(anonymous_22)","decl":{"start":{"line":97,"column":91},"end":{"line":97,"column":92}},"loc":{"start":{"line":97,"column":104},"end":{"line":108,"column":9}},"line":97},"23":{"name":"(anonymous_23)","decl":{"start":{"line":110,"column":44},"end":{"line":110,"column":45}},"loc":{"start":{"line":110,"column":50},"end":{"line":127,"column":5}},"line":110},"24":{"name":"(anonymous_24)","decl":{"start":{"line":111,"column":76},"end":{"line":111,"column":77}},"loc":{"start":{"line":111,"column":82},"end":{"line":118,"column":10}},"line":111},"25":{"name":"(anonymous_25)","decl":{"start":{"line":111,"column":116},"end":{"line":111,"column":117}},"loc":{"start":{"line":111,"column":129},"end":{"line":118,"column":9}},"line":111},"26":{"name":"(anonymous_26)","decl":{"start":{"line":119,"column":71},"end":{"line":119,"column":72}},"loc":{"start":{"line":119,"column":77},"end":{"line":126,"column":10}},"line":119},"27":{"name":"(anonymous_27)","decl":{"start":{"line":119,"column":111},"end":{"line":119,"column":112}},"loc":{"start":{"line":119,"column":124},"end":{"line":126,"column":9}},"line":119},"28":{"name":"(anonymous_28)","decl":{"start":{"line":128,"column":40},"end":{"line":128,"column":41}},"loc":{"start":{"line":128,"column":46},"end":{"line":139,"column":5}},"line":128},"29":{"name":"(anonymous_29)","decl":{"start":{"line":129,"column":66},"end":{"line":129,"column":67}},"loc":{"start":{"line":129,"column":72},"end":{"line":138,"column":10}},"line":129},"30":{"name":"(anonymous_30)","decl":{"start":{"line":129,"column":106},"end":{"line":129,"column":107}},"loc":{"start":{"line":129,"column":119},"end":{"line":138,"column":9}},"line":129},"31":{"name":"(anonymous_31)","decl":{"start":{"line":140,"column":43},"end":{"line":140,"column":44}},"loc":{"start":{"line":140,"column":49},"end":{"line":149,"column":5}},"line":140},"32":{"name":"(anonymous_32)","decl":{"start":{"line":141,"column":72},"end":{"line":141,"column":73}},"loc":{"start":{"line":141,"column":78},"end":{"line":148,"column":10}},"line":141},"33":{"name":"(anonymous_33)","decl":{"start":{"line":141,"column":112},"end":{"line":141,"column":113}},"loc":{"start":{"line":141,"column":125},"end":{"line":148,"column":9}},"line":141},"34":{"name":"(anonymous_34)","decl":{"start":{"line":150,"column":35},"end":{"line":150,"column":36}},"loc":{"start":{"line":150,"column":41},"end":{"line":174,"column":5}},"line":150},"35":{"name":"(anonymous_35)","decl":{"start":{"line":151,"column":68},"end":{"line":151,"column":69}},"loc":{"start":{"line":151,"column":74},"end":{"line":158,"column":10}},"line":151},"36":{"name":"(anonymous_36)","decl":{"start":{"line":151,"column":108},"end":{"line":151,"column":109}},"loc":{"start":{"line":151,"column":121},"end":{"line":158,"column":9}},"line":151},"37":{"name":"(anonymous_37)","decl":{"start":{"line":159,"column":66},"end":{"line":159,"column":67}},"loc":{"start":{"line":159,"column":72},"end":{"line":165,"column":10}},"line":159},"38":{"name":"(anonymous_38)","decl":{"start":{"line":159,"column":106},"end":{"line":159,"column":107}},"loc":{"start":{"line":159,"column":119},"end":{"line":165,"column":9}},"line":159},"39":{"name":"(anonymous_39)","decl":{"start":{"line":166,"column":58},"end":{"line":166,"column":59}},"loc":{"start":{"line":166,"column":64},"end":{"line":173,"column":10}},"line":166},"40":{"name":"(anonymous_40)","decl":{"start":{"line":166,"column":98},"end":{"line":166,"column":99}},"loc":{"start":{"line":166,"column":111},"end":{"line":173,"column":9}},"line":166}},"branchMap":{"0":{"loc":{"start":{"line":2,"column":16},"end":{"line":10,"column":1}},"type":"binary-expr","locations":[{"start":{"line":2,"column":17},"end":{"line":2,"column":21}},{"start":{"line":2,"column":25},"end":{"line":2,"column":39}},{"start":{"line":2,"column":44},"end":{"line":10,"column":1}}],"line":2},"1":{"loc":{"start":{"line":3,"column":35},"end":{"line":3,"column":109}},"type":"cond-expr","locations":[{"start":{"line":3,"column":56},"end":{"line":3,"column":61}},{"start":{"line":3,"column":64},"end":{"line":3,"column":109}}],"line":3},"2":{"loc":{"start":{"line":4,"column":16},"end":{"line":4,"column":34}},"type":"binary-expr","locations":[{"start":{"line":4,"column":16},"end":{"line":4,"column":17}},{"start":{"line":4,"column":22},"end":{"line":4,"column":33}}],"line":4},"3":{"loc":{"start":{"line":7,"column":32},"end":{"line":7,"column":115}},"type":"cond-expr","locations":[{"start":{"line":7,"column":46},"end":{"line":7,"column":67}},{"start":{"line":7,"column":70},"end":{"line":7,"column":115}}],"line":7},"4":{"loc":{"start":{"line":8,"column":51},"end":{"line":8,"column":67}},"type":"binary-expr","locations":[{"start":{"line":8,"column":51},"end":{"line":8,"column":61}},{"start":{"line":8,"column":65},"end":{"line":8,"column":67}}],"line":8},"5":{"loc":{"start":{"line":11,"column":22},"end":{"line":13,"column":1}},"type":"binary-expr","locations":[{"start":{"line":11,"column":23},"end":{"line":11,"column":27}},{"start":{"line":11,"column":31},"end":{"line":11,"column":51}},{"start":{"line":11,"column":56},"end":{"line":13,"column":1}}],"line":11},"6":{"loc":{"start":{"line":12,"column":11},"end":{"line":12,"column":61}},"type":"cond-expr","locations":[{"start":{"line":12,"column":37},"end":{"line":12,"column":40}},{"start":{"line":12,"column":43},"end":{"line":12,"column":61}}],"line":12},"7":{"loc":{"start":{"line":12,"column":12},"end":{"line":12,"column":33}},"type":"binary-expr","locations":[{"start":{"line":12,"column":12},"end":{"line":12,"column":15}},{"start":{"line":12,"column":19},"end":{"line":12,"column":33}}],"line":12}},"s":{"0":1,"1":14,"2":13,"3":13,"4":14,"5":14,"6":0,"7":0,"8":0,"9":0,"10":27,"11":13,"12":1,"13":2,"14":1,"15":1,"16":1,"17":1,"18":1,"19":1,"20":1,"21":1,"22":1,"23":1,"24":1,"25":1,"26":1,"27":1,"28":1,"29":1,"30":1,"31":1,"32":1,"33":1,"34":1,"35":1,"36":1,"37":1,"38":1,"39":1,"40":1,"41":1,"42":1,"43":1,"44":1,"45":1,"46":1,"47":1,"48":1,"49":1,"50":1,"51":1,"52":1,"53":1,"54":1,"55":1,"56":1,"57":1,"58":1,"59":1,"60":1,"61":1,"62":1,"63":1,"64":1,"65":1,"66":1,"67":1,"68":1,"69":1,"70":1,"71":1,"72":1,"73":1,"74":1,"75":1,"76":1,"77":1,"78":1,"79":1,"80":1,"81":1,"82":1,"83":1,"84":1,"85":1,"86":1,"87":1,"88":1,"89":1,"90":1,"91":1,"92":1,"93":1,"94":1,"95":1,"96":1,"97":1,"98":1,"99":1,"100":1,"101":1},"f":{"0":13,"1":14,"2":13,"3":13,"4":14,"5":0,"6":27,"7":2,"8":1,"9":1,"10":1,"11":1,"12":1,"13":1,"14":1,"15":1,"16":1,"17":1,"18":1,"19":1,"20":1,"21":1,"22":1,"23":1,"24":1,"25":1,"26":1,"27":1,"28":1,"29":1,"30":1,"31":1,"32":1,"33":1,"34":1,"35":1,"36":1,"37":1,"38":1,"39":1,"40":1},"b":{"0":[1,1,1],"1":[1,13],"2":[13,13],"3":[13,14],"4":[13,13],"5":[1,1,1],"6":[1,1],"7":[2,2]},"inputSourceMap":{"version":3,"file":"C:/Users/Administrator/Desktop/Full-Stack Projects/Small-Blog/API/src/test/handler/1-user.spec.ts","sources":["C:/Users/Administrator/Desktop/Full-Stack Projects/Small-Blog/API/src/test/handler/1-user.spec.ts"],"names":[],"mappings":";;;;;;;;;;;;;;AAAA,+BAA8B;AAC9B,0DAA+B;AAC/B,0DAAgC;AAChC,2CAAwC;AAExC,MAAM,KAAK,GAAG,IAAI,WAAI,EAAE,CAAC;AAEzB,QAAQ,CAAC,cAAc,EAAE,GAAG,EAAE;IAC5B,IAAI,EAAU,EAAE,KAAa,CAAC;IAC9B,QAAQ,CAAC,oBAAoB,EAAE,GAAG,EAAE;QAClC,EAAE,CAAC,wBAAwB,EAAE,GAAS,EAAE;YACtC,MAAM,IAAI,GAAG;gBACX,KAAK,EAAE,eAAe;gBACtB,QAAQ,EAAE,QAAQ;gBAClB,eAAe,EAAE,QAAQ;gBACzB,IAAI,EAAE,QAAQ;aACf,CAAC;YACF,MAAM,QAAQ,GAAG,MAAM,IAAA,mBAAO,EAAC,gBAAG,CAAC;iBAChC,IAAI,CAAC,eAAe,CAAC;iBACrB,IAAI,CAAC,IAAI,CAAC;iBACV,GAAG,CAAC,QAAQ,EAAE,kBAAkB,CAAC,CAAC;YACrC,IAAA,aAAM,EAAC,QAAQ,CAAC,MAAM,CAAC,CAAC,EAAE,CAAC,GAAG,CAAC,CAAC;YAChC,IAAA,aAAM,EAAC,QAAQ,CAAC,IAAI,CAAC,OAAO,CAAC,CAAC,EAAE,CAAC,cAAc,CAAC,CAAC;YAEjD,EAAE,GAAG,QAAQ,CAAC,IAAI,CAAC,IAAI,CAAC,EAAE,CAAC;QAC7B,CAAC,CAAA,CAAC,CAAC;QAEH,EAAE,CAAC,2CAA2C,EAAE,GAAS,EAAE;YACzD,MAAM,IAAI,GAAG;gBACX,KAAK,EAAE,gBAAgB;gBACvB,QAAQ,EAAE,QAAQ;gBAClB,eAAe,EAAE,QAAQ;gBACzB,IAAI,EAAE,QAAQ;aACf,CAAC;YACF,MAAM,QAAQ,GAAG,MAAM,IAAA,mBAAO,EAAC,gBAAG,CAAC;iBAChC,IAAI,CAAC,eAAe,CAAC;iBACrB,IAAI,CAAC,IAAI,CAAC;iBACV,GAAG,CAAC,QAAQ,EAAE,kBAAkB,CAAC,CAAC;YACrC,IAAA,aAAM,EAAC,QAAQ,CAAC,MAAM,CAAC,CAAC,EAAE,CAAC,GAAG,CAAC,CAAC;YAChC,IAAA,aAAM,EAAC,QAAQ,CAAC,IAAI,CAAC,MAAM,CAAC,GAAG,CAAC,CAAC,EAAE,CACjC,qCAAqC,CACtC,CAAC;QACJ,CAAC,CAAA,CAAC,CAAC;QAEH,EAAE,CAAC,+BAA+B,EAAE,GAAS,EAAE;YAC7C,MAAM,IAAI,GAAG;gBACX,KAAK,EAAE,QAAQ;gBACf,QAAQ,EAAE,QAAQ;gBAClB,eAAe,EAAE,QAAQ;gBACzB,IAAI,EAAE,UAAU;aACjB,CAAC;YACF,MAAM,QAAQ,GAAG,MAAM,IAAA,mBAAO,EAAC,gBAAG,CAAC;iBAChC,IAAI,CAAC,eAAe,CAAC;iBACrB,IAAI,CAAC,IAAI,CAAC;iBACV,GAAG,CAAC,QAAQ,EAAE,kBAAkB,CAAC,CAAC;YACrC,IAAA,aAAM,EAAC,QAAQ,CAAC,MAAM,CAAC,CAAC,EAAE,CAAC,GAAG,CAAC,CAAC;YAChC,IAAA,aAAM,EAAC,QAAQ,CAAC,IAAI,CAAC,MAAM,CAAC,GAAG,CAAC,CAAC,EAAE,CAAC,+BAA+B,CAAC,CAAC;QACvE,CAAC,CAAA,CAAC,CAAC;IACL,CAAC,CAAC,CAAC;IAEH,QAAQ,CAAC,mBAAmB,EAAE,GAAG,EAAE;QACjC,gCAAgC;QAChC,EAAE,CAAC,+CAA+C,EAAE,GAAS,EAAE;YAC7D,MAAM,IAAI,GAAG;gBACX,KAAK,EAAE,eAAe;gBACtB,QAAQ,EAAE,QAAQ;aACnB,CAAC;YACF,MAAM,QAAQ,GAAG,MAAM,IAAA,mBAAO,EAAC,gBAAG,CAAC;iBAChC,IAAI,CAAC,cAAc,CAAC;iBACpB,IAAI,CAAC,IAAI,CAAC;iBACV,GAAG,CAAC,QAAQ,EAAE,kBAAkB,CAAC,CAAC;YACrC,IAAA,aAAM,EAAC,QAAQ,CAAC,MAAM,CAAC,CAAC,EAAE,CAAC,GAAG,CAAC,CAAC;YAChC,IAAA,aAAM,EAAC,QAAQ,CAAC,IAAI,CAAC,KAAK,CAAC,CAAC,EAAE,CAAC,4BAA4B,CAAC,CAAC;QAC/D,CAAC,CAAA,CAAC,CAAC;QAEH,+BAA+B;QAC/B,EAAE,CAAC,+BAA+B,EAAE,GAAS,EAAE;YAC7C,MAAM,IAAI,GAAG;gBACX,KAAK,EAAE,eAAe;gBACtB,QAAQ,EAAE,QAAQ;aACnB,CAAC;YACF,MAAM,KAAK,CAAC,WAAW,CAAC,EAAE,CAAC,CAAC;YAE5B,MAAM,QAAQ,GAAG,MAAM,IAAA,mBAAO,EAAC,gBAAG,CAAC;iBAChC,IAAI,CAAC,cAAc,CAAC;iBACpB,IAAI,CAAC,IAAI,CAAC;iBACV,GAAG,CAAC,QAAQ,EAAE,kBAAkB,CAAC,CAAC;YACrC,IAAA,aAAM,EAAC,QAAQ,CAAC,MAAM,CAAC,CAAC,EAAE,CAAC,GAAG,CAAC,CAAC;YAChC,IAAA,aAAM,EAAC,QAAQ,CAAC,IAAI,CAAC,IAAI,CAAC,CAAC,EAAE,CAAC,QAAQ,CAAC,CAAC;YACxC,IAAA,aAAM,EAAC,QAAQ,CAAC,OAAO,CAAC,YAAY,CAAC,CAAC,CAAC,CAAC,CAAC,CAAC,EAAE,CAAC,EAAE,CAAC,CAAC,CAAC,QAAQ,CAAC,CAAC;YAC5D,KAAK,GAAG,QAAQ,CAAC,IAAI,CAAC,WAAW,CAAC;QACpC,CAAC,CAAA,CAAC,CAAC;QAEH,EAAE,CAAC,sCAAsC,EAAE,GAAS,EAAE;YACpD,MAAM,IAAI,GAAG;gBACX,KAAK,EAAE,eAAe;gBACtB,QAAQ,EAAE,QAAQ;aACnB,CAAC;YACF,MAAM,QAAQ,GAAG,MAAM,IAAA,mBAAO,EAAC,gBAAG,CAAC;iBAChC,IAAI,CAAC,cAAc,CAAC;iBACpB,IAAI,CAAC,IAAI,CAAC;iBACV,GAAG,CAAC,QAAQ,EAAE,kBAAkB,CAAC,CAAC;YACrC,IAAA,aAAM,EAAC,QAAQ,CAAC,MAAM,CAAC,CAAC,EAAE,CAAC,GAAG,CAAC,CAAC;YAChC,IAAA,aAAM,EAAC,QAAQ,CAAC,IAAI,CAAC,KAAK,CAAC,CAAC,EAAE,CAAC,2BAA2B,CAAC,CAAC;QAC9D,CAAC,CAAA,CAAC,CAAC;IACL,CAAC,CAAC,CAAC;IAEH,QAAQ,CAAC,6BAA6B,EAAE,GAAG,EAAE;QAC3C,EAAE,CAAC,+DAA+D,EAAE,GAAS,EAAE;YAC7E,MAAM,QAAQ,GAAG,MAAM,IAAA,mBAAO,EAAC,gBAAG,CAAC;iBAChC,IAAI,CAAC,wBAAwB,CAAC;iBAC9B,IAAI,CAAC,EAAE,KAAK,EAAE,eAAe,EAAE,CAAC;iBAChC,GAAG,CAAC,QAAQ,EAAE,kBAAkB,CAAC,CAAC;YACrC,IAAA,aAAM,EAAC,QAAQ,CAAC,MAAM,CAAC,CAAC,EAAE,CAAC,GAAG,CAAC,CAAC;YAChC,IAAA,aAAM,EAAC,QAAQ,CAAC,IAAI,CAAC,OAAO,CAAC,CAAC,EAAE,CAAC,0BAA0B,CAAC,CAAC;QAC/D,CAAC,CAAA,CAAC,CAAC;QAEH,EAAE,CAAC,0DAA0D,EAAE,GAAS,EAAE;YACxE,MAAM,QAAQ,GAAG,MAAM,IAAA,mBAAO,EAAC,gBAAG,CAAC;iBAChC,IAAI,CAAC,wBAAwB,CAAC;iBAC9B,IAAI,CAAC,EAAE,KAAK,EAAE,mBAAmB,EAAE,CAAC;iBACpC,GAAG,CAAC,QAAQ,EAAE,kBAAkB,CAAC,CAAC;YACrC,IAAA,aAAM,EAAC,QAAQ,CAAC,MAAM,CAAC,CAAC,EAAE,CAAC,GAAG,CAAC,CAAC;YAChC,IAAA,aAAM,EAAC,QAAQ,CAAC,IAAI,CAAC,KAAK,CAAC,CAAC,EAAE,CAAC,sBAAsB,CAAC,CAAC;QACzD,CAAC,CAAA,CAAC,CAAC;IACL,CAAC,CAAC,CAAC;IAEH,QAAQ,CAAC,yBAAyB,EAAE,GAAG,EAAE;QACvC,EAAE,CAAC,qDAAqD,EAAE,GAAS,EAAE;YACnE,uCAAuC;YACvC,MAAM,QAAQ,GAAG,MAAM,IAAA,mBAAO,EAAC,gBAAG,CAAC;iBAChC,IAAI,CAAC,oBAAoB,CAAC;iBAC1B,IAAI,CAAC,EAAE,IAAI,EAAE,MAAM,EAAE,CAAC;iBACtB,KAAK,CAAC,EAAE,EAAE,EAAE,KAAK,EAAE,aAAa,EAAE,CAAC;iBACnC,GAAG,CAAC,QAAQ,EAAE,kBAAkB,CAAC,CAAC;YACrC,IAAA,aAAM,EAAC,QAAQ,CAAC,MAAM,CAAC,CAAC,EAAE,CAAC,GAAG,CAAC,CAAC;YAChC,IAAA,aAAM,EAAC,QAAQ,CAAC,IAAI,CAAC,KAAK,CAAC,CAAC,EAAE,CAC5B,4CAA4C,CAC7C,CAAC;QACJ,CAAC,CAAA,CAAC,CAAC;IACL,CAAC,CAAC,CAAC;IAEH,QAAQ,CAAC,4BAA4B,EAAE,GAAG,EAAE;QAC1C,EAAE,CAAC,2DAA2D,EAAE,GAAS,EAAE;YACzE,MAAM,QAAQ,GAAG,MAAM,IAAA,mBAAO,EAAC,gBAAG,CAAC;iBAChC,IAAI,CAAC,uBAAuB,CAAC;iBAC7B,IAAI,CAAC,EAAE,QAAQ,EAAE,QAAQ,EAAE,eAAe,EAAE,QAAQ,EAAE,CAAC;iBACvD,KAAK,CAAC,EAAE,EAAE,EAAE,CAAC,CAAC;YACjB,IAAA,aAAM,EAAC,QAAQ,CAAC,MAAM,CAAC,CAAC,EAAE,CAAC,GAAG,CAAC,CAAC;YAChC,IAAA,aAAM,EAAC,QAAQ,CAAC,IAAI,CAAC,KAAK,CAAC,CAAC,EAAE,CAC5B,6EAA6E,CAC9E,CAAC;QACJ,CAAC,CAAA,CAAC,CAAC;IACL,CAAC,CAAC,CAAC;IAEH,QAAQ,CAAC,oBAAoB,EAAE,GAAG,EAAE;QAClC,EAAE,CAAC,uDAAuD,EAAE,GAAS,EAAE;YACrE,MAAM,QAAQ,GAAG,MAAM,IAAA,mBAAO,EAAC,gBAAG,CAAC;iBAChC,GAAG,CAAC,eAAe,CAAC;iBACpB,GAAG,CAAC,eAAe,EAAE,SAAS,GAAG,KAAK,CAAC;iBACvC,MAAM,CAAC,cAAc,EAAE,MAAM,CAAC,CAAC;YAClC,IAAA,aAAM,EAAC,QAAQ,CAAC,MAAM,CAAC,CAAC,EAAE,CAAC,GAAG,CAAC,CAAC;YAChC,IAAA,aAAM,EAAC,QAAQ,CAAC,IAAI,CAAC,OAAO,CAAC,CAAC,EAAE,CAAC,mBAAmB,CAAC,CAAC;QACxD,CAAC,CAAA,CAAC,CAAC;QAEH,EAAE,CAAC,qDAAqD,EAAE,GAAS,EAAE;YACnE,MAAM,QAAQ,GAAG,MAAM,IAAA,mBAAO,EAAC,gBAAG,CAAC;iBAChC,GAAG,CAAC,eAAe,CAAC;iBACpB,MAAM,CAAC,cAAc,EAAE,MAAM,CAAC,CAAC;YAClC,IAAA,aAAM,EAAC,QAAQ,CAAC,MAAM,CAAC,CAAC,EAAE,CAAC,GAAG,CAAC,CAAC;YAChC,IAAA,aAAM,EAAC,QAAQ,CAAC,IAAI,CAAC,KAAK,CAAC,CAAC,EAAE,CAAC,uBAAuB,CAAC,CAAC;QAC1D,CAAC,CAAA,CAAC,CAAC;QAEH,EAAE,CAAC,6CAA6C,EAAE,GAAS,EAAE;YAC3D,MAAM,QAAQ,GAAG,MAAM,IAAA,mBAAO,EAAC,gBAAG,CAAC;iBAChC,GAAG,CAAC,gBAAgB,CAAC;iBACrB,GAAG,CAAC,eAAe,EAAE,SAAS,GAAG,KAAK,CAAC;iBACvC,MAAM,CAAC,cAAc,EAAE,MAAM,CAAC,CAAC;YAClC,IAAA,aAAM,EAAC,QAAQ,CAAC,MAAM,CAAC,CAAC,EAAE,CAAC,GAAG,CAAC,CAAC;YAChC,IAAA,aAAM,EAAC,QAAQ,CAAC,IAAI,CAAC,KAAK,CAAC,CAAC,EAAE,CAAC,4BAA4B,CAAC,CAAC;QAC/D,CAAC,CAAA,CAAC,CAAC;IACL,CAAC,CAAC,CAAC;AACL,CAAC,CAAC,CAAC","sourcesContent":["import { expect } from 'chai';\r\nimport app from '../../server';\r\nimport request from 'supertest';\r\nimport { User } from '../../model/user';\r\n\r\nconst store = new User();\r\n\r\ndescribe('User handler', () => {\r\n  let id: string, token: string;\r\n  describe('POST /users/signup', () => {\r\n    it('Should create new user', async () => {\r\n      const user = {\r\n        email: 'test@test.com',\r\n        password: '123456',\r\n        confirmPassword: '123456',\r\n        name: 'Bassel',\r\n      };\r\n      const response = await request(app)\r\n        .post('/users/signup')\r\n        .send(user)\r\n        .set('Accept', 'application/json');\r\n      expect(response.status).eq(201);\r\n      expect(response.body.message).eq('user created');\r\n\r\n      id = response.body.user.id;\r\n    });\r\n\r\n    it('Should throw an error name must be unique', async () => {\r\n      const user = {\r\n        email: 'test2@test.com',\r\n        password: '123456',\r\n        confirmPassword: '123456',\r\n        name: 'Bassel',\r\n      };\r\n      const response = await request(app)\r\n        .post('/users/signup')\r\n        .send(user)\r\n        .set('Accept', 'application/json');\r\n      expect(response.status).eq(422);\r\n      expect(response.body.errors.msg).eq(\r\n        'E-mail and Username must be unique.'\r\n      );\r\n    });\r\n\r\n    it('Should throw validation error', async () => {\r\n      const user = {\r\n        email: 'test10',\r\n        password: '123456',\r\n        confirmPassword: '123456',\r\n        name: 'Bassel10',\r\n      };\r\n      const response = await request(app)\r\n        .post('/users/signup')\r\n        .send(user)\r\n        .set('Accept', 'application/json');\r\n      expect(response.status).eq(422);\r\n      expect(response.body.errors.msg).eq('Please provide a valid email.');\r\n    });\r\n  });\r\n\r\n  describe('POST /users/login', () => {\r\n    // HERE  before confirming email\r\n    it('Should reject login before email confirmation', async () => {\r\n      const user = {\r\n        email: 'test@test.com',\r\n        password: '123456',\r\n      };\r\n      const response = await request(app)\r\n        .post('/users/login')\r\n        .send(user)\r\n        .set('Accept', 'application/json');\r\n      expect(response.status).eq(401);\r\n      expect(response.body.error).eq('Please confirm your email.');\r\n    });\r\n\r\n    // HERE  after confirming email\r\n    it('Should login user sucessfully', async () => {\r\n      const user = {\r\n        email: 'test@test.com',\r\n        password: '123456',\r\n      };\r\n      await store.confirmUser(id);\r\n\r\n      const response = await request(app)\r\n        .post('/users/login')\r\n        .send(user)\r\n        .set('Accept', 'application/json');\r\n      expect(response.status).eq(200);\r\n      expect(response.body.name).eq('Bassel');\r\n      expect(response.headers['set-cookie'][0]).to.be.a('string');\r\n      token = response.body.accessToken;\r\n    });\r\n\r\n    it('Should reject login, invalid account', async () => {\r\n      const user = {\r\n        email: 'test@test.com',\r\n        password: '000000',\r\n      };\r\n      const response = await request(app)\r\n        .post('/users/login')\r\n        .send(user)\r\n        .set('Accept', 'application/json');\r\n      expect(response.status).eq(404);\r\n      expect(response.body.error).eq('Invalid email or password');\r\n    });\r\n  });\r\n\r\n  describe('POST /users/forgot-password', () => {\r\n    it('Should confirm an E-mail is sent when giving registered email', async () => {\r\n      const response = await request(app)\r\n        .post('/users/forgot-password')\r\n        .send({ email: 'test@test.com' })\r\n        .set('Accept', 'application/json');\r\n      expect(response.status).eq(200);\r\n      expect(response.body.message).eq('An E-mail has been sent.');\r\n    });\r\n\r\n    it('Should deny that the user exists if email not registered', async () => {\r\n      const response = await request(app)\r\n        .post('/users/forgot-password')\r\n        .send({ email: 'notfound@test.com' })\r\n        .set('Accept', 'application/json');\r\n      expect(response.status).eq(404);\r\n      expect(response.body.error).eq(\"User doesn't exist..\");\r\n    });\r\n  });\r\n\r\n  describe('POST /users/check-reset', () => {\r\n    it('Should give an error if the reset code is not valid', async () => {\r\n      // IMPORTANT  the code is only 6 digits\r\n      const response = await request(app)\r\n        .post('/users/check-reset')\r\n        .send({ code: 111111 })\r\n        .query({ id, token: 'dummy-token' })\r\n        .set('Accept', 'application/json');\r\n      expect(response.status).eq(404);\r\n      expect(response.body.error).eq(\r\n        'Expired password reset token or wrong code'\r\n      );\r\n    });\r\n  });\r\n\r\n  describe('POST /users/reset-password', () => {\r\n    it('Should give an error, when the reset code is not verified', async () => {\r\n      const response = await request(app)\r\n        .post('/users/reset-password')\r\n        .send({ password: '123456', confirmPassword: '123456' })\r\n        .query({ id });\r\n      expect(response.status).eq(403);\r\n      expect(response.body.error).eq(\r\n        'Password reset code is not verified you are not allowed to change password.'\r\n      );\r\n    });\r\n  });\r\n\r\n  describe('GET /users/:author', () => {\r\n    it('Should return user info, if jwt provided and username', async () => {\r\n      const response = await request(app)\r\n        .get('/users/Bassel')\r\n        .set('Authorization', 'Bearer ' + token)\r\n        .expect('Content-Type', /json/);\r\n      expect(response.status).eq(200);\r\n      expect(response.body.message).eq('retrived the user');\r\n    });\r\n\r\n    it('Should prevent from getting user if there is no jwt', async () => {\r\n      const response = await request(app)\r\n        .get('/users/Bassel')\r\n        .expect('Content-Type', /json/);\r\n      expect(response.status).eq(403);\r\n      expect(response.body.error).eq('No token was provided');\r\n    });\r\n\r\n    it(\"Should not get user cause it doesn't exists\", async () => {\r\n      const response = await request(app)\r\n        .get('/users/Bassel2')\r\n        .set('Authorization', 'Bearer ' + token)\r\n        .expect('Content-Type', /json/);\r\n      expect(response.status).eq(404);\r\n      expect(response.body.error).eq(\"couldn't find user Bassel2\");\r\n    });\r\n  });\r\n});\r\n"]},"_coverageSchema":"1a1c01bbd47fc00a2c39e90264f33305004495a9","hash":"cd07f4284afc4b02b94be25279b85a20110868d7","contentHash":"ee5eb6a2dd01e05f256c4977b6d98e6078bc00609a5f3a11fc6aedabf7aea965"},"C:\\Users\\Administrator\\Desktop\\Full-Stack Projects\\Small-Blog\\API\\src\\server.ts":{"path":"C:\\Users\\Administrator\\Desktop\\Full-Stack Projects\\Small-Blog\\API\\src\\server.ts","statementMap":{"0":{"start":{"line":2,"column":22},"end":{"line":4,"column":1}},"1":{"start":{"line":3,"column":4},"end":{"line":3,"column":62}},"2":{"start":{"line":5,"column":0},"end":{"line":5,"column":62}},"3":{"start":{"line":6,"column":18},"end":{"line":6,"column":53}},"4":{"start":{"line":7,"column":15},"end":{"line":7,"column":47}},"5":{"start":{"line":8,"column":24},"end":{"line":8,"column":65}},"6":{"start":{"line":9,"column":29},"end":{"line":9,"column":75}},"7":{"start":{"line":10,"column":17},"end":{"line":10,"column":51}},"8":{"start":{"line":11,"column":17},"end":{"line":11,"column":51}},"9":{"start":{"line":12,"column":23},"end":{"line":12,"column":66}},"10":{"start":{"line":13,"column":19},"end":{"line":13,"column":63}},"11":{"start":{"line":14,"column":15},"end":{"line":14,"column":57}},"12":{"start":{"line":15,"column":15},"end":{"line":15,"column":57}},"13":{"start":{"line":16,"column":18},"end":{"line":16,"column":63}},"14":{"start":{"line":17,"column":23},"end":{"line":17,"column":73}},"15":{"start":{"line":18,"column":17},"end":{"line":18,"column":61}},"16":{"start":{"line":19,"column":0},"end":{"line":19,"column":26}},"17":{"start":{"line":20,"column":12},"end":{"line":20,"column":36}},"18":{"start":{"line":21,"column":13},"end":{"line":21,"column":37}},"19":{"start":{"line":22,"column":0},"end":{"line":22,"column":85}},"20":{"start":{"line":23,"column":0},"end":{"line":23,"column":38}},"21":{"start":{"line":24,"column":0},"end":{"line":24,"column":65}},"22":{"start":{"line":25,"column":0},"end":{"line":25,"column":34}},"23":{"start":{"line":26,"column":0},"end":{"line":26,"column":57}},"24":{"start":{"line":27,"column":0},"end":{"line":27,"column":117}},"25":{"start":{"line":28,"column":0},"end":{"line":28,"column":25}},"26":{"start":{"line":29,"column":0},"end":{"line":29,"column":25}},"27":{"start":{"line":30,"column":0},"end":{"line":30,"column":28}},"28":{"start":{"line":31,"column":0},"end":{"line":31,"column":33}},"29":{"start":{"line":32,"column":0},"end":{"line":32,"column":27}},"30":{"start":{"line":33,"column":0},"end":{"line":35,"column":3}},"31":{"start":{"line":34,"column":4},"end":{"line":34,"column":153}},"32":{"start":{"line":36,"column":0},"end":{"line":39,"column":3}},"33":{"start":{"line":37,"column":20},"end":{"line":37,"column":30}},"34":{"start":{"line":38,"column":4},"end":{"line":38,"column":58}},"35":{"start":{"line":40,"column":0},"end":{"line":42,"column":3}},"36":{"start":{"line":41,"column":4},"end":{"line":41,"column":68}},"37":{"start":{"line":43,"column":0},"end":{"line":43,"column":22}}},"fnMap":{"0":{"name":"(anonymous_0)","decl":{"start":{"line":2,"column":56},"end":{"line":2,"column":57}},"loc":{"start":{"line":2,"column":71},"end":{"line":4,"column":1}},"line":2},"1":{"name":"(anonymous_1)","decl":{"start":{"line":33,"column":13},"end":{"line":33,"column":14}},"loc":{"start":{"line":33,"column":33},"end":{"line":35,"column":1}},"line":33},"2":{"name":"(anonymous_2)","decl":{"start":{"line":36,"column":8},"end":{"line":36,"column":9}},"loc":{"start":{"line":36,"column":35},"end":{"line":39,"column":1}},"line":36},"3":{"name":"(anonymous_3)","decl":{"start":{"line":40,"column":17},"end":{"line":40,"column":18}},"loc":{"start":{"line":40,"column":23},"end":{"line":42,"column":1}},"line":40}},"branchMap":{"0":{"loc":{"start":{"line":2,"column":22},"end":{"line":4,"column":1}},"type":"binary-expr","locations":[{"start":{"line":2,"column":23},"end":{"line":2,"column":27}},{"start":{"line":2,"column":31},"end":{"line":2,"column":51}},{"start":{"line":2,"column":56},"end":{"line":4,"column":1}}],"line":2},"1":{"loc":{"start":{"line":3,"column":11},"end":{"line":3,"column":61}},"type":"cond-expr","locations":[{"start":{"line":3,"column":37},"end":{"line":3,"column":40}},{"start":{"line":3,"column":43},"end":{"line":3,"column":61}}],"line":3},"2":{"loc":{"start":{"line":3,"column":12},"end":{"line":3,"column":33}},"type":"binary-expr","locations":[{"start":{"line":3,"column":12},"end":{"line":3,"column":15}},{"start":{"line":3,"column":19},"end":{"line":3,"column":33}}],"line":3},"3":{"loc":{"start":{"line":21,"column":13},"end":{"line":21,"column":37}},"type":"binary-expr","locations":[{"start":{"line":21,"column":13},"end":{"line":21,"column":29}},{"start":{"line":21,"column":33},"end":{"line":21,"column":37}}],"line":21}},"s":{"0":1,"1":13,"2":1,"3":1,"4":1,"5":1,"6":1,"7":1,"8":1,"9":1,"10":1,"11":1,"12":1,"13":1,"14":1,"15":1,"16":1,"17":1,"18":1,"19":1,"20":1,"21":1,"22":1,"23":1,"24":1,"25":1,"26":1,"27":1,"28":1,"29":1,"30":1,"31":0,"32":1,"33":10,"34":10,"35":1,"36":1,"37":1},"f":{"0":13,"1":0,"2":10,"3":1},"b":{"0":[1,1,1],"1":[6,7],"2":[13,13],"3":[1,1]},"inputSourceMap":{"version":3,"file":"C:/Users/Administrator/Desktop/Full-Stack Projects/Small-Blog/API/src/server.ts","sources":["C:/Users/Administrator/Desktop/Full-Stack Projects/Small-Blog/API/src/server.ts"],"names":[],"mappings":";;;;;AAAA,sDAAmE;AACnE,gDAAwB;AACxB,kEAAyC;AACzC,4EAA2C;AAC3C,oDAA4B;AAC5B,oDAA4B;AAE5B,mEAA8C;AAC9C,gEAAwC;AACxC,0DAAwC;AACxC,0DAAwC;AACxC,gEAA+C;AAC/C,0EAAuD;AACvD,8DAA4C;AAE5C,gBAAM,CAAC,MAAM,EAAE,CAAC;AAEhB,MAAM,GAAG,GAAwB,IAAA,iBAAO,GAAE,CAAC;AAE3C,MAAM,IAAI,GAAG,OAAO,CAAC,GAAG,CAAC,IAAI,IAAI,IAAI,CAAC;AAEtC,GAAG,CAAC,GAAG,CAAC,IAAA,cAAI,EAAC,EAAE,WAAW,EAAE,IAAI,EAAE,MAAM,EAAE,uBAAuB,EAAE,CAAC,CAAC,CAAC;AAEtE,GAAG,CAAC,GAAG,CAAC,IAAA,gBAAM,EAAC,KAAK,CAAC,CAAC,CAAC;AACvB,GAAG,CAAC,GAAG,CAAC,IAAA,uBAAY,EAAC,OAAO,CAAC,GAAG,CAAC,aAAa,CAAC,CAAC,CAAC;AACjD,GAAG,CAAC,GAAG,CAAC,iBAAO,CAAC,IAAI,EAAE,CAAC,CAAC;AACxB,GAAG,CAAC,GAAG,CAAC,UAAU,EAAE,iBAAO,CAAC,MAAM,CAAC,SAAS,CAAC,CAAC,CAAC;AAC/C,GAAG,CAAC,GAAG,CAAC,WAAW,EAAE,4BAAS,CAAC,KAAK,EAAE,4BAAS,CAAC,KAAK,CAAC,sBAAe,CAAC,CAAC,CAAC;AAExE,IAAA,cAAU,EAAC,GAAG,CAAC,CAAC;AAChB,IAAA,cAAU,EAAC,GAAG,CAAC,CAAC;AAChB,IAAA,iBAAc,EAAC,GAAG,CAAC,CAAC;AACpB,IAAA,sBAAiB,EAAC,GAAG,CAAC,CAAC;AACvB,IAAA,gBAAY,EAAC,GAAG,CAAC,CAAC;AAElB,GAAG,CAAC,GAAG,CAAC,GAAG,EAAE,CAAC,GAAG,EAAE,GAAG,EAAE,IAAI,EAAE,EAAE;IAC9B,IAAI,CACF,IAAI,kBAAQ,CACV,oCAAoC,GAAG,CAAC,OAAO,4BAA4B,EAC3E,GAAG,EACH,8BAA8B,EAC9B,IAAI,CACL,CACF,CAAC;AACJ,CAAC,CAAC,CAAC;AAEH,GAAG,CAAC,GAAG,CAAC,CAAC,KAAe,EAAE,GAAY,EAAE,GAAa,EAAE,IAAkB,EAAE,EAAE;IAC3E,MAAM,OAAO,GAAG,KAAK,CAAC,IAAI,CAAC;IAC3B,GAAG,CAAC,MAAM,CAAC,KAAK,CAAC,UAAU,CAAC,CAAC,IAAI,CAAC,EAAE,KAAK,EAAE,OAAO,EAAE,CAAC,CAAC;AACxD,CAAC,CAAC,CAAC;AAEH,GAAG,CAAC,MAAM,CAAC,IAAI,EAAE,GAAG,EAAE;IACpB,OAAO,CAAC,GAAG,CAAC,4CAA4C,IAAI,EAAE,CAAC,CAAC;AAClE,CAAC,CAAC,CAAC;AAEH,kBAAe,GAAG,CAAC","sourcesContent":["import express, { Request, Response, NextFunction } from 'express';\r\nimport cors from 'cors';\r\nimport cookieParser from 'cookie-parser';\r\nimport swaggerUI from 'swagger-ui-express';\r\nimport dotenv from 'dotenv';\r\nimport morgan from 'morgan';\r\n\r\nimport swaggerDocument from '../swagger.json';\r\nimport APIError from './Error/ApiError';\r\nimport userRoutes from './handler/user';\r\nimport postRoutes from './handler/post';\r\nimport commentsRoutes from './handler/comment';\r\nimport refreshTokenRoute from './handler/refreshToken';\r\nimport oauth2Routes from './handler/oauth2';\r\n\r\ndotenv.config();\r\n\r\nconst app: express.Application = express();\r\n\r\nconst port = process.env.PORT || 3000;\r\n\r\napp.use(cors({ credentials: true, origin: 'http://localhost:5173' }));\r\n\r\napp.use(morgan('dev'));\r\napp.use(cookieParser(process.env.COOKIE_SECRET));\r\napp.use(express.json());\r\napp.use('/uploads', express.static('uploads'));\r\napp.use('/api-docs', swaggerUI.serve, swaggerUI.setup(swaggerDocument));\r\n\r\nuserRoutes(app);\r\npostRoutes(app);\r\ncommentsRoutes(app);\r\nrefreshTokenRoute(app);\r\noauth2Routes(app);\r\n\r\napp.all('*', (req, res, next) => {\r\n  next(\r\n    new APIError(\r\n      `Couldn't find such a route visit ${req.baseUrl}/api-docs to get more info`,\r\n      404,\r\n      \"this route couldn't be found\",\r\n      true\r\n    )\r\n  );\r\n});\r\n\r\napp.use((error: APIError, req: Request, res: Response, next: NextFunction) => {\r\n  const message = error.name;\r\n  res.status(error.statusCode).json({ error: message });\r\n});\r\n\r\napp.listen(port, () => {\r\n  console.log(`server is running up on http://localhost:${port}`);\r\n});\r\n\r\nexport default app;\r\n"]},"_coverageSchema":"1a1c01bbd47fc00a2c39e90264f33305004495a9","hash":"1c6d24f7f563815b33085ce3373447ed1cfdc97f","contentHash":"b8da77379a81d125eb314eda4318da2a17b7494428fb2ea143197728f1e5d93d"},"C:\\Users\\Administrator\\Desktop\\Full-Stack Projects\\Small-Blog\\API\\src\\Error\\ApiError.ts":{"path":"C:\\Users\\Administrator\\Desktop\\Full-Stack Projects\\Small-Blog\\API\\src\\Error\\ApiError.ts","statementMap":{"0":{"start":{"line":2,"column":22},"end":{"line":4,"column":1}},"1":{"start":{"line":3,"column":4},"end":{"line":3,"column":62}},"2":{"start":{"line":5,"column":0},"end":{"line":5,"column":62}},"3":{"start":{"line":6,"column":16},"end":{"line":6,"column":51}},"4":{"start":{"line":9,"column":0},"end":{"line":9,"column":27}}},"fnMap":{"0":{"name":"(anonymous_0)","decl":{"start":{"line":2,"column":56},"end":{"line":2,"column":57}},"loc":{"start":{"line":2,"column":71},"end":{"line":4,"column":1}},"line":2}},"branchMap":{"0":{"loc":{"start":{"line":2,"column":22},"end":{"line":4,"column":1}},"type":"binary-expr","locations":[{"start":{"line":2,"column":23},"end":{"line":2,"column":27}},{"start":{"line":2,"column":31},"end":{"line":2,"column":51}},{"start":{"line":2,"column":56},"end":{"line":4,"column":1}}],"line":2},"1":{"loc":{"start":{"line":3,"column":11},"end":{"line":3,"column":61}},"type":"cond-expr","locations":[{"start":{"line":3,"column":37},"end":{"line":3,"column":40}},{"start":{"line":3,"column":43},"end":{"line":3,"column":61}}],"line":3},"2":{"loc":{"start":{"line":3,"column":12},"end":{"line":3,"column":33}},"type":"binary-expr","locations":[{"start":{"line":3,"column":12},"end":{"line":3,"column":15}},{"start":{"line":3,"column":19},"end":{"line":3,"column":33}}],"line":3}},"s":{"0":1,"1":1,"2":1,"3":1,"4":1},"f":{"0":1},"b":{"0":[1,1,1],"1":[1,0],"2":[1,1]},"inputSourceMap":{"version":3,"file":"C:/Users/Administrator/Desktop/Full-Stack Projects/Small-Blog/API/src/Error/ApiError.ts","sources":["C:/Users/Administrator/Desktop/Full-Stack Projects/Small-Blog/API/src/Error/ApiError.ts"],"names":[],"mappings":";;;;;AAAA,oDAAgC;AAEhC,MAAM,QAAS,SAAQ,eAAS;CAAG;AAEnC,kBAAe,QAAQ,CAAC","sourcesContent":["import BaseError from './Error';\r\n\r\nclass APIError extends BaseError {}\r\n\r\nexport default APIError;\r\n"]},"_coverageSchema":"1a1c01bbd47fc00a2c39e90264f33305004495a9","hash":"68d3c709f90a6b1d12c38275d7d06619d4a1db09","contentHash":"bf864639aa3815456a888903310f322b3ec0a29756ca5b4209d8b46123193071"},"C:\\Users\\Administrator\\Desktop\\Full-Stack Projects\\Small-Blog\\API\\src\\Error\\Error.ts":{"path":"C:\\Users\\Administrator\\Desktop\\Full-Stack Projects\\Small-Blog\\API\\src\\Error\\Error.ts","statementMap":{"0":{"start":{"line":2,"column":0},"end":{"line":2,"column":62}},"1":{"start":{"line":5,"column":8},"end":{"line":5,"column":27}},"2":{"start":{"line":7,"column":8},"end":{"line":7,"column":37}},"3":{"start":{"line":8,"column":8},"end":{"line":8,"column":25}},"4":{"start":{"line":9,"column":8},"end":{"line":9,"column":39}},"5":{"start":{"line":10,"column":8},"end":{"line":10,"column":43}},"6":{"start":{"line":11,"column":8},"end":{"line":11,"column":38}},"7":{"start":{"line":14,"column":0},"end":{"line":14,"column":28}}},"fnMap":{"0":{"name":"(anonymous_0)","decl":{"start":{"line":4,"column":4},"end":{"line":4,"column":5}},"loc":{"start":{"line":4,"column":62},"end":{"line":12,"column":5}},"line":4}},"branchMap":{},"s":{"0":1,"1":10,"2":10,"3":10,"4":10,"5":10,"6":10,"7":1},"f":{"0":10},"b":{},"inputSourceMap":{"version":3,"file":"C:/Users/Administrator/Desktop/Full-Stack Projects/Small-Blog/API/src/Error/Error.ts","sources":["C:/Users/Administrator/Desktop/Full-Stack Projects/Small-Blog/API/src/Error/Error.ts"],"names":[],"mappings":";;AAAA,MAAM,SAAU,SAAQ,KAAK;IAS3B,YACE,IAAY,EACZ,UAAkB,EAClB,WAAmB,EACnB,aAAsB;QAEtB,KAAK,CAAC,WAAW,CAAC,CAAC;QACnB,gDAAgD;QAChD,IAAI,CAAC,UAAU,GAAG,UAAU,CAAC;QAC7B,IAAI,CAAC,IAAI,GAAG,IAAI,CAAC;QACjB,IAAI,CAAC,WAAW,GAAG,WAAW,CAAC;QAC/B,IAAI,CAAC,aAAa,GAAG,aAAa,CAAC;QACnC,KAAK,CAAC,iBAAiB,CAAC,IAAI,CAAC,CAAC;IAChC,CAAC;CACF;AAED,kBAAe,SAAS,CAAC","sourcesContent":["class BaseError extends Error {\r\n  name: string;\r\n\r\n  statusCode: number;\r\n\r\n  description: string;\r\n\r\n  isOperational: boolean;\r\n\r\n  constructor(\r\n    name: string,\r\n    statusCode: number,\r\n    description: string,\r\n    isOperational: boolean\r\n  ) {\r\n    super(description);\r\n    // Object.prototype(this, new.target.prototype);\r\n    this.statusCode = statusCode;\r\n    this.name = name;\r\n    this.description = description;\r\n    this.isOperational = isOperational;\r\n    Error.captureStackTrace(this);\r\n  }\r\n}\r\n\r\nexport default BaseError;\r\n"]},"_coverageSchema":"1a1c01bbd47fc00a2c39e90264f33305004495a9","hash":"70bd39670ce278768140d7464da61ba3850eaee6","contentHash":"5a1a2c1f5c2b159dfb62a4a168c6d7d12039bb509ac2d56947c4a87ff4d3c95e"},"C:\\Users\\Administrator\\Desktop\\Full-Stack Projects\\Small-Blog\\API\\src\\handler\\user.ts":{"path":"C:\\Users\\Administrator\\Desktop\\Full-Stack Projects\\Small-Blog\\API\\src\\handler\\user.ts","statementMap":{"0":{"start":{"line":2,"column":16},"end":{"line":10,"column":1}},"1":{"start":{"line":3,"column":28},"end":{"line":3,"column":110}},"2":{"start":{"line":3,"column":91},"end":{"line":3,"column":106}},"3":{"start":{"line":4,"column":4},"end":{"line":9,"column":7}},"4":{"start":{"line":5,"column":36},"end":{"line":5,"column":97}},"5":{"start":{"line":5,"column":42},"end":{"line":5,"column":70}},"6":{"start":{"line":5,"column":85},"end":{"line":5,"column":95}},"7":{"start":{"line":6,"column":35},"end":{"line":6,"column":100}},"8":{"start":{"line":6,"column":41},"end":{"line":6,"column":73}},"9":{"start":{"line":6,"column":88},"end":{"line":6,"column":98}},"10":{"start":{"line":7,"column":32},"end":{"line":7,"column":116}},"11":{"start":{"line":8,"column":8},"end":{"line":8,"column":78}},"12":{"start":{"line":11,"column":22},"end":{"line":13,"column":1}},"13":{"start":{"line":12,"column":4},"end":{"line":12,"column":62}},"14":{"start":{"line":14,"column":0},"end":{"line":14,"column":62}},"15":{"start":{"line":15,"column":17},"end":{"line":15,"column":51}},"16":{"start":{"line":16,"column":15},"end":{"line":16,"column":39}},"17":{"start":{"line":17,"column":20},"end":{"line":17,"column":65}},"18":{"start":{"line":18,"column":21},"end":{"line":18,"column":73}},"19":{"start":{"line":19,"column":22},"end":{"line":19,"column":75}},"20":{"start":{"line":20,"column":19},"end":{"line":20,"column":64}},"21":{"start":{"line":21,"column":17},"end":{"line":21,"column":51}},"22":{"start":{"line":22,"column":25},"end":{"line":22,"column":69}},"23":{"start":{"line":23,"column":17},"end":{"line":23,"column":34}},"24":{"start":{"line":24,"column":18},"end":{"line":24,"column":61}},"25":{"start":{"line":25,"column":16},"end":{"line":25,"column":41}},"26":{"start":{"line":26,"column":23},"end":{"line":26,"column":46}},"27":{"start":{"line":27,"column":0},"end":{"line":27,"column":26}},"28":{"start":{"line":28,"column":14},"end":{"line":28,"column":31}},"29":{"start":{"line":29,"column":14},"end":{"line":29,"column":33}},"30":{"start":{"line":30,"column":116},"end":{"line":30,"column":127}},"31":{"start":{"line":31,"column":14},"end":{"line":39,"column":2}},"32":{"start":{"line":31,"column":29},"end":{"line":39,"column":2}},"33":{"start":{"line":32,"column":4},"end":{"line":38,"column":5}},"34":{"start":{"line":33,"column":22},"end":{"line":33,"column":41}},"35":{"start":{"line":34,"column":8},"end":{"line":34,"column":73}},"36":{"start":{"line":37,"column":8},"end":{"line":37,"column":54}},"37":{"start":{"line":40,"column":13},"end":{"line":55,"column":2}},"38":{"start":{"line":40,"column":33},"end":{"line":55,"column":2}},"39":{"start":{"line":41,"column":4},"end":{"line":54,"column":5}},"40":{"start":{"line":42,"column":21},"end":{"line":42,"column":56}},"41":{"start":{"line":43,"column":8},"end":{"line":45,"column":9}},"42":{"start":{"line":44,"column":12},"end":{"line":44,"column":141}},"43":{"start":{"line":46,"column":8},"end":{"line":50,"column":11}},"44":{"start":{"line":53,"column":8},"end":{"line":53,"column":72}},"45":{"start":{"line":56,"column":15},"end":{"line":64,"column":2}},"46":{"start":{"line":56,"column":29},"end":{"line":64,"column":2}},"47":{"start":{"line":57,"column":4},"end":{"line":63,"column":5}},"48":{"start":{"line":58,"column":21},"end":{"line":58,"column":54}},"49":{"start":{"line":59,"column":8},"end":{"line":59,"column":66}},"50":{"start":{"line":62,"column":8},"end":{"line":62,"column":74}},"51":{"start":{"line":65,"column":15},"end":{"line":71,"column":2}},"52":{"start":{"line":65,"column":35},"end":{"line":71,"column":2}},"53":{"start":{"line":66,"column":17},"end":{"line":66,"column":69}},"54":{"start":{"line":67,"column":4},"end":{"line":69,"column":5}},"55":{"start":{"line":68,"column":8},"end":{"line":68,"column":138}},"56":{"start":{"line":70,"column":4},"end":{"line":70,"column":59}},"57":{"start":{"line":72,"column":15},"end":{"line":81,"column":2}},"58":{"start":{"line":72,"column":35},"end":{"line":81,"column":2}},"59":{"start":{"line":73,"column":17},"end":{"line":73,"column":45}},"60":{"start":{"line":74,"column":4},"end":{"line":76,"column":5}},"61":{"start":{"line":75,"column":8},"end":{"line":75,"column":138}},"62":{"start":{"line":77,"column":25},"end":{"line":77,"column":105}},"63":{"start":{"line":78,"column":17},"end":{"line":78,"column":70}},"64":{"start":{"line":79,"column":4},"end":{"line":79,"column":78}},"65":{"start":{"line":80,"column":4},"end":{"line":80,"column":60}},"66":{"start":{"line":82,"column":21},"end":{"line":126,"column":2}},"67":{"start":{"line":82,"column":41},"end":{"line":126,"column":2}},"68":{"start":{"line":84,"column":4},"end":{"line":125,"column":5}},"69":{"start":{"line":85,"column":26},"end":{"line":85,"column":54}},"70":{"start":{"line":86,"column":36},"end":{"line":86,"column":44}},"71":{"start":{"line":87,"column":21},"end":{"line":87,"column":62}},"72":{"start":{"line":88,"column":8},"end":{"line":90,"column":9}},"73":{"start":{"line":89,"column":12},"end":{"line":89,"column":123}},"74":{"start":{"line":91,"column":8},"end":{"line":93,"column":9}},"75":{"start":{"line":92,"column":12},"end":{"line":92,"column":136}},"76":{"start":{"line":94,"column":29},"end":{"line":94,"column":33}},"77":{"start":{"line":95,"column":22},"end":{"line":95,"column":108}},"78":{"start":{"line":96,"column":29},"end":{"line":96,"column":124}},"79":{"start":{"line":98,"column":32},"end":{"line":100,"column":111}},"80":{"start":{"line":100,"column":94},"end":{"line":100,"column":110}},"81":{"start":{"line":101,"column":8},"end":{"line":112,"column":9}},"82":{"start":{"line":103,"column":31},"end":{"line":103,"column":65}},"83":{"start":{"line":104,"column":12},"end":{"line":107,"column":13}},"84":{"start":{"line":106,"column":16},"end":{"line":106,"column":38}},"85":{"start":{"line":108,"column":12},"end":{"line":111,"column":15}},"86":{"start":{"line":113,"column":8},"end":{"line":115,"column":9}},"87":{"start":{"line":114,"column":12},"end":{"line":114,"column":34}},"88":{"start":{"line":116,"column":8},"end":{"line":116,"column":75}},"89":{"start":{"line":117,"column":8},"end":{"line":120,"column":11}},"90":{"start":{"line":121,"column":8},"end":{"line":121,"column":70}},"91":{"start":{"line":124,"column":8},"end":{"line":124,"column":82}},"92":{"start":{"line":127,"column":23},"end":{"line":152,"column":2}},"93":{"start":{"line":127,"column":43},"end":{"line":152,"column":2}},"94":{"start":{"line":128,"column":4},"end":{"line":151,"column":5}},"95":{"start":{"line":129,"column":21},"end":{"line":129,"column":57}},"96":{"start":{"line":130,"column":8},"end":{"line":132,"column":9}},"97":{"start":{"line":131,"column":12},"end":{"line":131,"column":118}},"98":{"start":{"line":133,"column":26},"end":{"line":133,"column":74}},"99":{"start":{"line":134,"column":27},"end":{"line":134,"column":75}},"100":{"start":{"line":135,"column":28},"end":{"line":135,"column":76}},"101":{"start":{"line":136,"column":27},"end":{"line":139,"column":26}},"102":{"start":{"line":141,"column":8},"end":{"line":141,"column":46}},"103":{"start":{"line":142,"column":8},"end":{"line":142,"column":66}},"104":{"start":{"line":144,"column":21},"end":{"line":144,"column":84}},"105":{"start":{"line":145,"column":8},"end":{"line":145,"column":97}},"106":{"start":{"line":146,"column":8},"end":{"line":146,"column":70}},"107":{"start":{"line":150,"column":8},"end":{"line":150,"column":25}},"108":{"start":{"line":153,"column":23},"end":{"line":175,"column":2}},"109":{"start":{"line":153,"column":43},"end":{"line":175,"column":2}},"110":{"start":{"line":154,"column":4},"end":{"line":174,"column":5}},"111":{"start":{"line":155,"column":30},"end":{"line":155,"column":39}},"112":{"start":{"line":156,"column":28},"end":{"line":156,"column":57}},"113":{"start":{"line":157,"column":8},"end":{"line":159,"column":9}},"114":{"start":{"line":158,"column":12},"end":{"line":158,"column":137}},"115":{"start":{"line":160,"column":8},"end":{"line":164,"column":9}},"116":{"start":{"line":163,"column":12},"end":{"line":163,"column":140}},"117":{"start":{"line":165,"column":8},"end":{"line":165,"column":42}},"118":{"start":{"line":166,"column":8},"end":{"line":168,"column":11}},"119":{"start":{"line":171,"column":8},"end":{"line":173,"column":75}},"120":{"start":{"line":176,"column":22},"end":{"line":205,"column":2}},"121":{"start":{"line":176,"column":42},"end":{"line":205,"column":2}},"122":{"start":{"line":177,"column":4},"end":{"line":204,"column":5}},"123":{"start":{"line":178,"column":23},"end":{"line":178,"column":32}},"124":{"start":{"line":179,"column":29},"end":{"line":179,"column":37}},"125":{"start":{"line":192,"column":28},"end":{"line":192,"column":57}},"126":{"start":{"line":193,"column":8},"end":{"line":195,"column":9}},"127":{"start":{"line":194,"column":12},"end":{"line":194,"column":166}},"128":{"start":{"line":196,"column":8},"end":{"line":196,"column":46}},"129":{"start":{"line":197,"column":8},"end":{"line":197,"column":41}},"130":{"start":{"line":198,"column":8},"end":{"line":200,"column":74}},"131":{"start":{"line":203,"column":8},"end":{"line":203,"column":25}},"132":{"start":{"line":206,"column":21},"end":{"line":221,"column":2}},"133":{"start":{"line":206,"column":41},"end":{"line":221,"column":2}},"134":{"start":{"line":207,"column":4},"end":{"line":220,"column":5}},"135":{"start":{"line":209,"column":26},"end":{"line":209,"column":36}},"136":{"start":{"line":210,"column":34},"end":{"line":210,"column":83}},"137":{"start":{"line":211,"column":21},"end":{"line":211,"column":49}},"138":{"start":{"line":212,"column":8},"end":{"line":214,"column":9}},"139":{"start":{"line":213,"column":12},"end":{"line":213,"column":198}},"140":{"start":{"line":215,"column":8},"end":{"line":215,"column":41}},"141":{"start":{"line":216,"column":8},"end":{"line":216,"column":79}},"142":{"start":{"line":219,"column":8},"end":{"line":219,"column":28}},"143":{"start":{"line":222,"column":19},"end":{"line":235,"column":1}},"144":{"start":{"line":224,"column":4},"end":{"line":224,"column":29}},"145":{"start":{"line":225,"column":4},"end":{"line":225,"column":37}},"146":{"start":{"line":226,"column":4},"end":{"line":226,"column":102}},"147":{"start":{"line":228,"column":4},"end":{"line":228,"column":59}},"148":{"start":{"line":229,"column":4},"end":{"line":229,"column":104}},"149":{"start":{"line":230,"column":4},"end":{"line":230,"column":115}},"150":{"start":{"line":231,"column":4},"end":{"line":231,"column":129}},"151":{"start":{"line":232,"column":4},"end":{"line":232,"column":121}},"152":{"start":{"line":233,"column":4},"end":{"line":233,"column":126}},"153":{"start":{"line":234,"column":4},"end":{"line":234,"column":51}},"154":{"start":{"line":236,"column":0},"end":{"line":236,"column":29}}},"fnMap":{"0":{"name":"(anonymous_0)","decl":{"start":{"line":2,"column":44},"end":{"line":2,"column":45}},"loc":{"start":{"line":2,"column":89},"end":{"line":10,"column":1}},"line":2},"1":{"name":"adopt","decl":{"start":{"line":3,"column":13},"end":{"line":3,"column":18}},"loc":{"start":{"line":3,"column":26},"end":{"line":3,"column":112}},"line":3},"2":{"name":"(anonymous_2)","decl":{"start":{"line":3,"column":70},"end":{"line":3,"column":71}},"loc":{"start":{"line":3,"column":89},"end":{"line":3,"column":108}},"line":3},"3":{"name":"(anonymous_3)","decl":{"start":{"line":4,"column":36},"end":{"line":4,"column":37}},"loc":{"start":{"line":4,"column":63},"end":{"line":9,"column":5}},"line":4},"4":{"name":"fulfilled","decl":{"start":{"line":5,"column":17},"end":{"line":5,"column":26}},"loc":{"start":{"line":5,"column":34},"end":{"line":5,"column":99}},"line":5},"5":{"name":"rejected","decl":{"start":{"line":6,"column":17},"end":{"line":6,"column":25}},"loc":{"start":{"line":6,"column":33},"end":{"line":6,"column":102}},"line":6},"6":{"name":"step","decl":{"start":{"line":7,"column":17},"end":{"line":7,"column":21}},"loc":{"start":{"line":7,"column":30},"end":{"line":7,"column":118}},"line":7},"7":{"name":"(anonymous_7)","decl":{"start":{"line":11,"column":56},"end":{"line":11,"column":57}},"loc":{"start":{"line":11,"column":71},"end":{"line":13,"column":1}},"line":11},"8":{"name":"(anonymous_8)","decl":{"start":{"line":31,"column":14},"end":{"line":31,"column":15}},"loc":{"start":{"line":31,"column":29},"end":{"line":39,"column":2}},"line":31},"9":{"name":"(anonymous_9)","decl":{"start":{"line":31,"column":63},"end":{"line":31,"column":64}},"loc":{"start":{"line":31,"column":76},"end":{"line":39,"column":1}},"line":31},"10":{"name":"(anonymous_10)","decl":{"start":{"line":40,"column":13},"end":{"line":40,"column":14}},"loc":{"start":{"line":40,"column":33},"end":{"line":55,"column":2}},"line":40},"11":{"name":"(anonymous_11)","decl":{"start":{"line":40,"column":67},"end":{"line":40,"column":68}},"loc":{"start":{"line":40,"column":80},"end":{"line":55,"column":1}},"line":40},"12":{"name":"(anonymous_12)","decl":{"start":{"line":56,"column":15},"end":{"line":56,"column":16}},"loc":{"start":{"line":56,"column":29},"end":{"line":64,"column":2}},"line":56},"13":{"name":"(anonymous_13)","decl":{"start":{"line":56,"column":63},"end":{"line":56,"column":64}},"loc":{"start":{"line":56,"column":76},"end":{"line":64,"column":1}},"line":56},"14":{"name":"(anonymous_14)","decl":{"start":{"line":65,"column":15},"end":{"line":65,"column":16}},"loc":{"start":{"line":65,"column":35},"end":{"line":71,"column":2}},"line":65},"15":{"name":"(anonymous_15)","decl":{"start":{"line":65,"column":69},"end":{"line":65,"column":70}},"loc":{"start":{"line":65,"column":82},"end":{"line":71,"column":1}},"line":65},"16":{"name":"(anonymous_16)","decl":{"start":{"line":72,"column":15},"end":{"line":72,"column":16}},"loc":{"start":{"line":72,"column":35},"end":{"line":81,"column":2}},"line":72},"17":{"name":"(anonymous_17)","decl":{"start":{"line":72,"column":69},"end":{"line":72,"column":70}},"loc":{"start":{"line":72,"column":82},"end":{"line":81,"column":1}},"line":72},"18":{"name":"(anonymous_18)","decl":{"start":{"line":82,"column":21},"end":{"line":82,"column":22}},"loc":{"start":{"line":82,"column":41},"end":{"line":126,"column":2}},"line":82},"19":{"name":"(anonymous_19)","decl":{"start":{"line":82,"column":75},"end":{"line":82,"column":76}},"loc":{"start":{"line":82,"column":88},"end":{"line":126,"column":1}},"line":82},"20":{"name":"(anonymous_20)","decl":{"start":{"line":100,"column":86},"end":{"line":100,"column":87}},"loc":{"start":{"line":100,"column":94},"end":{"line":100,"column":110}},"line":100},"21":{"name":"(anonymous_21)","decl":{"start":{"line":127,"column":23},"end":{"line":127,"column":24}},"loc":{"start":{"line":127,"column":43},"end":{"line":152,"column":2}},"line":127},"22":{"name":"(anonymous_22)","decl":{"start":{"line":127,"column":77},"end":{"line":127,"column":78}},"loc":{"start":{"line":127,"column":90},"end":{"line":152,"column":1}},"line":127},"23":{"name":"(anonymous_23)","decl":{"start":{"line":153,"column":23},"end":{"line":153,"column":24}},"loc":{"start":{"line":153,"column":43},"end":{"line":175,"column":2}},"line":153},"24":{"name":"(anonymous_24)","decl":{"start":{"line":153,"column":77},"end":{"line":153,"column":78}},"loc":{"start":{"line":153,"column":90},"end":{"line":175,"column":1}},"line":153},"25":{"name":"(anonymous_25)","decl":{"start":{"line":176,"column":22},"end":{"line":176,"column":23}},"loc":{"start":{"line":176,"column":42},"end":{"line":205,"column":2}},"line":176},"26":{"name":"(anonymous_26)","decl":{"start":{"line":176,"column":76},"end":{"line":176,"column":77}},"loc":{"start":{"line":176,"column":89},"end":{"line":205,"column":1}},"line":176},"27":{"name":"(anonymous_27)","decl":{"start":{"line":206,"column":21},"end":{"line":206,"column":22}},"loc":{"start":{"line":206,"column":41},"end":{"line":221,"column":2}},"line":206},"28":{"name":"(anonymous_28)","decl":{"start":{"line":206,"column":75},"end":{"line":206,"column":76}},"loc":{"start":{"line":206,"column":88},"end":{"line":221,"column":1}},"line":206},"29":{"name":"(anonymous_29)","decl":{"start":{"line":222,"column":19},"end":{"line":222,"column":20}},"loc":{"start":{"line":222,"column":28},"end":{"line":235,"column":1}},"line":222}},"branchMap":{"0":{"loc":{"start":{"line":2,"column":16},"end":{"line":10,"column":1}},"type":"binary-expr","locations":[{"start":{"line":2,"column":17},"end":{"line":2,"column":21}},{"start":{"line":2,"column":25},"end":{"line":2,"column":39}},{"start":{"line":2,"column":44},"end":{"line":10,"column":1}}],"line":2},"1":{"loc":{"start":{"line":3,"column":35},"end":{"line":3,"column":109}},"type":"cond-expr","locations":[{"start":{"line":3,"column":56},"end":{"line":3,"column":61}},{"start":{"line":3,"column":64},"end":{"line":3,"column":109}}],"line":3},"2":{"loc":{"start":{"line":4,"column":16},"end":{"line":4,"column":34}},"type":"binary-expr","locations":[{"start":{"line":4,"column":16},"end":{"line":4,"column":17}},{"start":{"line":4,"column":22},"end":{"line":4,"column":33}}],"line":4},"3":{"loc":{"start":{"line":7,"column":32},"end":{"line":7,"column":115}},"type":"cond-expr","locations":[{"start":{"line":7,"column":46},"end":{"line":7,"column":67}},{"start":{"line":7,"column":70},"end":{"line":7,"column":115}}],"line":7},"4":{"loc":{"start":{"line":8,"column":51},"end":{"line":8,"column":67}},"type":"binary-expr","locations":[{"start":{"line":8,"column":51},"end":{"line":8,"column":61}},{"start":{"line":8,"column":65},"end":{"line":8,"column":67}}],"line":8},"5":{"loc":{"start":{"line":11,"column":22},"end":{"line":13,"column":1}},"type":"binary-expr","locations":[{"start":{"line":11,"column":23},"end":{"line":11,"column":27}},{"start":{"line":11,"column":31},"end":{"line":11,"column":51}},{"start":{"line":11,"column":56},"end":{"line":13,"column":1}}],"line":11},"6":{"loc":{"start":{"line":12,"column":11},"end":{"line":12,"column":61}},"type":"cond-expr","locations":[{"start":{"line":12,"column":37},"end":{"line":12,"column":40}},{"start":{"line":12,"column":43},"end":{"line":12,"column":61}}],"line":12},"7":{"loc":{"start":{"line":12,"column":12},"end":{"line":12,"column":33}},"type":"binary-expr","locations":[{"start":{"line":12,"column":12},"end":{"line":12,"column":15}},{"start":{"line":12,"column":19},"end":{"line":12,"column":33}}],"line":12},"8":{"loc":{"start":{"line":43,"column":8},"end":{"line":45,"column":9}},"type":"if","locations":[{"start":{"line":43,"column":8},"end":{"line":45,"column":9}},{"start":{"line":43,"column":8},"end":{"line":45,"column":9}}],"line":43},"9":{"loc":{"start":{"line":67,"column":4},"end":{"line":69,"column":5}},"type":"if","locations":[{"start":{"line":67,"column":4},"end":{"line":69,"column":5}},{"start":{"line":67,"column":4},"end":{"line":69,"column":5}}],"line":67},"10":{"loc":{"start":{"line":74,"column":4},"end":{"line":76,"column":5}},"type":"if","locations":[{"start":{"line":74,"column":4},"end":{"line":76,"column":5}},{"start":{"line":74,"column":4},"end":{"line":76,"column":5}}],"line":74},"11":{"loc":{"start":{"line":88,"column":8},"end":{"line":90,"column":9}},"type":"if","locations":[{"start":{"line":88,"column":8},"end":{"line":90,"column":9}},{"start":{"line":88,"column":8},"end":{"line":90,"column":9}}],"line":88},"12":{"loc":{"start":{"line":91,"column":8},"end":{"line":93,"column":9}},"type":"if","locations":[{"start":{"line":91,"column":8},"end":{"line":93,"column":9}},{"start":{"line":91,"column":8},"end":{"line":93,"column":9}}],"line":91},"13":{"loc":{"start":{"line":98,"column":32},"end":{"line":100,"column":111}},"type":"cond-expr","locations":[{"start":{"line":99,"column":14},"end":{"line":99,"column":31}},{"start":{"line":100,"column":14},"end":{"line":100,"column":111}}],"line":98},"14":{"loc":{"start":{"line":100,"column":14},"end":{"line":100,"column":111}},"type":"cond-expr","locations":[{"start":{"line":100,"column":67},"end":{"line":100,"column":73}},{"start":{"line":100,"column":76},"end":{"line":100,"column":111}}],"line":100},"15":{"loc":{"start":{"line":100,"column":14},"end":{"line":100,"column":64}},"type":"binary-expr","locations":[{"start":{"line":100,"column":14},"end":{"line":100,"column":47}},{"start":{"line":100,"column":51},"end":{"line":100,"column":64}}],"line":100},"16":{"loc":{"start":{"line":101,"column":8},"end":{"line":112,"column":9}},"type":"if","locations":[{"start":{"line":101,"column":8},"end":{"line":112,"column":9}},{"start":{"line":101,"column":8},"end":{"line":112,"column":9}}],"line":101},"17":{"loc":{"start":{"line":104,"column":12},"end":{"line":107,"column":13}},"type":"if","locations":[{"start":{"line":104,"column":12},"end":{"line":107,"column":13}},{"start":{"line":104,"column":12},"end":{"line":107,"column":13}}],"line":104},"18":{"loc":{"start":{"line":113,"column":8},"end":{"line":115,"column":9}},"type":"if","locations":[{"start":{"line":113,"column":8},"end":{"line":115,"column":9}},{"start":{"line":113,"column":8},"end":{"line":115,"column":9}}],"line":113},"19":{"loc":{"start":{"line":130,"column":8},"end":{"line":132,"column":9}},"type":"if","locations":[{"start":{"line":130,"column":8},"end":{"line":132,"column":9}},{"start":{"line":130,"column":8},"end":{"line":132,"column":9}}],"line":130},"20":{"loc":{"start":{"line":157,"column":8},"end":{"line":159,"column":9}},"type":"if","locations":[{"start":{"line":157,"column":8},"end":{"line":159,"column":9}},{"start":{"line":157,"column":8},"end":{"line":159,"column":9}}],"line":157},"21":{"loc":{"start":{"line":160,"column":8},"end":{"line":164,"column":9}},"type":"if","locations":[{"start":{"line":160,"column":8},"end":{"line":164,"column":9}},{"start":{"line":160,"column":8},"end":{"line":164,"column":9}}],"line":160},"22":{"loc":{"start":{"line":160,"column":12},"end":{"line":162,"column":32}},"type":"binary-expr","locations":[{"start":{"line":160,"column":12},"end":{"line":160,"column":73}},{"start":{"line":161,"column":12},"end":{"line":162,"column":32}}],"line":160},"23":{"loc":{"start":{"line":193,"column":8},"end":{"line":195,"column":9}},"type":"if","locations":[{"start":{"line":193,"column":8},"end":{"line":195,"column":9}},{"start":{"line":193,"column":8},"end":{"line":195,"column":9}}],"line":193},"24":{"loc":{"start":{"line":193,"column":14},"end":{"line":193,"column":92}},"type":"cond-expr","locations":[{"start":{"line":193,"column":63},"end":{"line":193,"column":69}},{"start":{"line":193,"column":72},"end":{"line":193,"column":92}}],"line":193},"25":{"loc":{"start":{"line":193,"column":14},"end":{"line":193,"column":60}},"type":"binary-expr","locations":[{"start":{"line":193,"column":14},"end":{"line":193,"column":34}},{"start":{"line":193,"column":38},"end":{"line":193,"column":60}}],"line":193},"26":{"loc":{"start":{"line":212,"column":8},"end":{"line":214,"column":9}},"type":"if","locations":[{"start":{"line":212,"column":8},"end":{"line":214,"column":9}},{"start":{"line":212,"column":8},"end":{"line":214,"column":9}}],"line":212},"27":{"loc":{"start":{"line":212,"column":12},"end":{"line":212,"column":35}},"type":"binary-expr","locations":[{"start":{"line":212,"column":12},"end":{"line":212,"column":17}},{"start":{"line":212,"column":21},"end":{"line":212,"column":35}}],"line":212}},"s":{"0":1,"1":19,"2":0,"3":12,"4":19,"5":19,"6":0,"7":0,"8":0,"9":0,"10":31,"11":12,"12":1,"13":7,"14":1,"15":1,"16":1,"17":1,"18":1,"19":1,"20":1,"21":1,"22":1,"23":1,"24":1,"25":1,"26":1,"27":1,"28":1,"29":1,"30":1,"31":1,"32":0,"33":0,"34":0,"35":0,"36":0,"37":1,"38":2,"39":2,"40":2,"41":2,"42":1,"43":1,"44":0,"45":1,"46":0,"47":0,"48":0,"49":0,"50":0,"51":1,"52":0,"53":0,"54":0,"55":0,"56":0,"57":1,"58":1,"59":1,"60":1,"61":0,"62":1,"63":1,"64":1,"65":1,"66":1,"67":5,"68":5,"69":5,"70":5,"71":5,"72":5,"73":1,"74":4,"75":1,"76":3,"77":3,"78":3,"79":3,"80":0,"81":3,"82":0,"83":0,"84":0,"85":0,"86":3,"87":1,"88":3,"89":3,"90":3,"91":0,"92":1,"93":2,"94":2,"95":2,"96":2,"97":1,"98":1,"99":1,"100":1,"101":1,"102":1,"103":1,"104":1,"105":1,"106":1,"107":0,"108":1,"109":1,"110":1,"111":1,"112":1,"113":1,"114":0,"115":1,"116":1,"117":0,"118":0,"119":0,"120":1,"121":1,"122":1,"123":1,"124":1,"125":1,"126":1,"127":1,"128":0,"129":0,"130":0,"131":0,"132":1,"133":0,"134":0,"135":0,"136":0,"137":0,"138":0,"139":0,"140":0,"141":0,"142":0,"143":1,"144":1,"145":1,"146":1,"147":1,"148":1,"149":1,"150":1,"151":1,"152":1,"153":1,"154":1},"f":{"0":12,"1":19,"2":0,"3":12,"4":19,"5":0,"6":31,"7":7,"8":0,"9":0,"10":2,"11":2,"12":0,"13":0,"14":0,"15":0,"16":1,"17":1,"18":5,"19":5,"20":0,"21":2,"22":2,"23":1,"24":1,"25":1,"26":1,"27":0,"28":0,"29":1},"b":{"0":[1,1,1],"1":[19,0],"2":[12,12],"3":[12,19],"4":[12,12],"5":[1,1,1],"6":[5,2],"7":[7,7],"8":[1,1],"9":[0,0],"10":[0,1],"11":[1,4],"12":[1,3],"13":[3,0],"14":[0,0],"15":[0,0],"16":[0,3],"17":[0,0],"18":[1,2],"19":[1,1],"20":[0,1],"21":[1,0],"22":[1,0],"23":[1,0],"24":[0,1],"25":[1,1],"26":[0,0],"27":[0,0]},"inputSourceMap":{"version":3,"file":"C:/Users/Administrator/Desktop/Full-Stack Projects/Small-Blog/API/src/handler/user.ts","sources":["C:/Users/Administrator/Desktop/Full-Stack Projects/Small-Blog/API/src/handler/user.ts"],"names":[],"mappings":";;;;;;;;;;;;;;AACA,oDAA4B;AAC5B,wCAAqC;AACrC,kEAA0C;AAC1C,0EAAkD;AAClD,4EAAoD;AAEpD,iEAAyC;AAEzC,oDAA4B;AAC5B,sEAO2C;AAE3C,mCAAuC;AACvC,8DAAmC;AACnC,0CAAuC;AACvC,+CAAsC;AACtC,gBAAM,CAAC,MAAM,EAAE,CAAC;AAEhB,MAAM,KAAK,GAAG,IAAI,WAAI,EAAE,CAAC;AACzB,MAAM,KAAK,GAAG,IAAI,aAAK,EAAE,CAAC;AAE1B,MAAM,EACJ,UAAU,EACV,iBAAiB,EACjB,kBAAkB,EAClB,kBAAkB,EAClB,EAAE,EACF,SAAS,EACT,gBAAgB,GACjB,GAAG,OAAO,CAAC,GAAG,CAAC;AAEhB,MAAM,KAAK,GAAG,CAAO,IAAa,EAAE,GAAa,EAAiB,EAAE;IAClE,IAAI;QACF,MAAM,KAAK,GAAG,MAAM,KAAK,CAAC,KAAK,EAAE,CAAC;QAClC,GAAG,CAAC,IAAI,CAAC,EAAE,OAAO,EAAE,4BAA4B,EAAE,IAAI,EAAE,KAAK,EAAE,CAAC,CAAC;KAClE;IAAC,OAAO,GAAG,EAAE;QACZ,MAAM,IAAI,KAAK,CAAC,uBAAuB,GAAG,EAAE,CAAC,CAAC;KAC/C;AACH,CAAC,CAAA,CAAC;AAEF,MAAM,IAAI,GAAG,CACX,GAAY,EACZ,GAAa,EACb,IAAkB,EACH,EAAE;IACjB,IAAI;QACF,MAAM,IAAI,GAAG,MAAM,KAAK,CAAC,IAAI,CAAC,GAAG,CAAC,MAAM,CAAC,MAAM,CAAC,CAAC;QACjD,IAAI,CAAC,IAAI,CAAC,MAAM,EAAE;YAChB,OAAO,IAAI,CACT,IAAI,kBAAQ,CACV,sBAAsB,GAAG,CAAC,MAAM,CAAC,MAAM,EAAE,EACzC,GAAG,EACH,qCAAqC,EACrC,IAAI,CACL,CACF,CAAC;SACH;QACD,GAAG,CAAC,IAAI,CAAC;YACP,OAAO,EAAE,mBAAmB;YAC5B,MAAM,EAAE,IAAI,CAAC,MAAM;YACnB,KAAK,EAAE,IAAI,CAAC,KAAK;SAClB,CAAC,CAAC;KACJ;IAAC,OAAO,GAAG,EAAE;QACZ,MAAM,IAAI,KAAK,CAAC,sBAAsB,GAAG,CAAC,MAAM,CAAC,EAAE,MAAM,GAAG,EAAE,CAAC,CAAC;KACjE;AACH,CAAC,CAAA,CAAC;AAEF,MAAM,MAAM,GAAG,CAAO,GAAY,EAAE,GAAa,EAAiB,EAAE;IAClE,IAAI;QACF,MAAM,IAAI,GAAG,MAAM,KAAK,CAAC,MAAM,CAAC,GAAG,CAAC,MAAM,CAAC,EAAE,CAAC,CAAC;QAC/C,GAAG,CAAC,IAAI,CAAC,EAAE,OAAO,EAAE,sBAAsB,EAAE,IAAI,EAAE,IAAI,EAAE,CAAC,CAAC;KAC3D;IAAC,OAAO,GAAG,EAAE;QACZ,MAAM,IAAI,KAAK,CAAC,wBAAwB,GAAG,CAAC,MAAM,CAAC,EAAE,MAAM,GAAG,EAAE,CAAC,CAAC;KACnE;AACH,CAAC,CAAA,CAAC;AAEF,MAAM,MAAM,GAAG,CACb,GAAY,EACZ,GAAa,EACb,IAAkB,EACH,EAAE;IACjB,MAAM,IAAI,GAAG,MAAM,KAAK,CAAC,MAAM,CAAC,GAAG,CAAC,MAAM,CAAC,EAAE,EAAE,GAAG,CAAC,IAAI,CAAC,QAAQ,CAAC,CAAC;IAClE,IAAI,CAAC,IAAI,EAAE;QACT,OAAO,IAAI,CACT,IAAI,kBAAQ,CACV,wBAAwB,GAAG,CAAC,MAAM,CAAC,EAAE,EAAE,EACvC,GAAG,EACH,wCAAwC,EACxC,IAAI,CACL,CACF,CAAC;KACH;IACD,GAAG,CAAC,IAAI,CAAC,EAAE,OAAO,EAAE,mBAAmB,EAAE,IAAI,EAAE,IAAI,EAAE,CAAC,CAAC;AACzD,CAAC,CAAA,CAAC;AAEF,MAAM,MAAM,GAAG,CACb,GAAY,EACZ,GAAa,EACb,IAAkB,EACH,EAAE;IACjB,MAAM,IAAI,GAAG,MAAM,KAAK,CAAC,MAAM,CAAC,GAAG,CAAC,IAAI,CAAC,CAAC;IAC1C,IAAI,CAAC,IAAI,EAAE;QACT,OAAO,IAAI,CACT,IAAI,kBAAQ,CACV,wBAAwB,GAAG,CAAC,MAAM,CAAC,EAAE,EAAE,EACvC,GAAG,EACH,wCAAwC,EACxC,IAAI,CACL,CACF,CAAC;KACH;IACD,MAAM,YAAY,GAAG,IAAA,mBAAS,EAC5B,EAAE,EAAE,EAAE,IAAI,CAAC,EAAE,EAAE,EACf,SAAS,GAAG,EAAE,EACd,gBAAgB,GAAG,EAAE,CACtB,CAAC;IACF,MAAM,IAAI,GAAG,uCAAuC,YAAY,EAAE,CAAC;IACnE,IAAA,iBAAI,EAAC,IAAI,CAAC,KAAK,EAAE,oBAAoB,EAAE,IAAI,EAAE,IAAI,CAAC,IAAI,CAAC,CAAC;IACxD,GAAG,CAAC,MAAM,CAAC,GAAG,CAAC,CAAC,IAAI,CAAC,EAAE,OAAO,EAAE,cAAc,EAAE,IAAI,EAAE,CAAC,CAAC;AAC1D,CAAC,CAAA,CAAC;AAEF,MAAM,YAAY,GAAG,CACnB,GAAY,EACZ,GAAa,EACb,IAAkB,EACH,EAAE;;IACjB,IAAI;QACF,MAAM,SAAS,GAAG,GAAG,CAAC,OAAO,CAAC,eAAe,CAAC,CAAC;QAC/C,MAAM,EAAE,KAAK,EAAE,QAAQ,EAAE,GAAG,GAAG,CAAC,IAAI,CAAC;QACrC,MAAM,IAAI,GAAG,MAAM,KAAK,CAAC,YAAY,CAAC,KAAK,EAAE,QAAQ,CAAC,CAAC;QACvD,IAAI,CAAC,IAAI,EAAE;YACT,OAAO,IAAI,CACT,IAAI,kBAAQ,CACV,2BAA2B,EAC3B,GAAG,EACH,iCAAiC,EACjC,IAAI,CACL,CACF,CAAC;SACH;QACD,IAAI,IAAI,CAAC,SAAS,KAAK,KAAK,EAAE;YAC5B,OAAO,IAAI,CACT,IAAI,kBAAQ,CACV,4BAA4B,EAC5B,GAAG,EACH,6CAA6C,EAC7C,IAAI,CACL,CACF,CAAC;SACH;QACD,MAAM,EAAE,EAAE,EAAE,IAAI,EAAE,GAAG,IAAI,CAAC;QAC1B,MAAM,KAAK,GAAG,IAAA,mBAAS,EACrB,EAAE,EAAE,EAAE,IAAI,EAAE,KAAK,EAAE,EACnB,UAAU,GAAG,EAAE,EACf,iBAAiB,GAAG,EAAE,CACvB,CAAC;QACF,MAAM,YAAY,GAAG,IAAA,mBAAS,EAC5B,EAAE,EAAE,EAAE,IAAI,EAAE,KAAK,EAAE,EACnB,kBAAkB,GAAG,EAAE,EACvB,kBAAkB,GAAG,EAAE,CACxB,CAAC;QAEF,6CAA6C;QAC7C,IAAI,gBAAgB,GAAG,CACrB,CAAC,SAAS;YACR,CAAC,CAAC,IAAI,CAAC,YAAY;YACnB,CAAC,CAAC,MAAA,IAAI,CAAC,YAAY,0CAAE,MAAM,CAAC,CAAC,EAAE,EAAE,EAAE,CAAC,EAAE,KAAK,SAAS,CAAC,CACvC,CAAC;QAEnB,IAAI,SAAS,EAAE;YACb,qIAAqI;YAErI,MAAM,UAAU,GAAG,MAAM,KAAK,CAAC,WAAW,CAAC,SAAS,CAAC,CAAC;YACtD,IAAI,CAAC,UAAU,EAAE;gBACf,6DAA6D;gBAC7D,gBAAgB,GAAG,EAAE,CAAC;aACvB;YAED,GAAG,CAAC,WAAW,CAAC,eAAe,EAAE;gBAC/B,QAAQ,EAAE,IAAI;gBACd,MAAM,EAAE,EAAE,GAAG,EAAE,GAAG,EAAE,GAAG,IAAI;aAC5B,CAAC,CAAC;SACJ;QACD,IAAI,CAAC,gBAAgB,EAAE;YACrB,gBAAgB,GAAG,EAAE,CAAC;SACvB;QACD,MAAM,KAAK,CAAC,UAAU,CAAC,KAAK,EAAE,CAAC,GAAG,gBAAgB,EAAE,YAAY,CAAC,CAAC,CAAC;QACnE,GAAG,CAAC,MAAM,CAAC,eAAe,EAAE,YAAY,EAAE;YACxC,QAAQ,EAAE,IAAI;YACd,MAAM,EAAE,EAAE,GAAG,EAAE,GAAG,EAAE,GAAG,IAAI;SAC5B,CAAC,CAAC;QAEH,GAAG,CAAC,MAAM,CAAC,GAAG,CAAC,CAAC,IAAI,CAAC,EAAE,IAAI,EAAE,IAAI,CAAC,IAAI,EAAE,WAAW,EAAE,KAAK,EAAE,CAAC,CAAC;KAC/D;IAAC,OAAO,GAAG,EAAE;QACZ,MAAM,IAAI,KAAK,CAAC,+BAA+B,GAAG,CAAC,IAAI,CAAC,KAAK,MAAM,GAAG,EAAE,CAAC,CAAC;KAC3E;AACH,CAAC,CAAA,CAAC;AAEF,MAAM,cAAc,GAAG,CACrB,GAAY,EACZ,GAAa,EACb,IAAkB,EACH,EAAE;IACjB,IAAI;QACF,MAAM,IAAI,GAAG,MAAM,KAAK,CAAC,QAAQ,CAAC,GAAG,CAAC,IAAI,CAAC,KAAK,CAAC,CAAC;QAClD,IAAI,CAAC,IAAI,EAAE;YACT,OAAO,IAAI,CACT,IAAI,kBAAQ,CACV,sBAAsB,EACtB,GAAG,EACH,iCAAiC,EACjC,IAAI,CACL,CACF,CAAC;SACH;QACD,MAAM,SAAS,GAAG,IAAI,CAAC,KAAK,CAAC,MAAM,GAAG,IAAI,CAAC,MAAM,EAAE,GAAG,MAAM,CAAC,GAAG,EAAE,CAAC,CAAC,6CAA6C;QACjH,MAAM,UAAU,GAAG,gBAAM,CAAC,WAAW,CAAC,EAAE,CAAC,CAAC,QAAQ,CAAC,KAAK,CAAC,CAAC;QAC1D,MAAM,WAAW,GAAG,MAAM,IAAA,aAAI,EAAC,UAAU,EAAE,MAAM,CAAC,EAAE,CAAC,CAAC,CAAC;QACvD,MAAM,UAAU,GAAG,gBAAM;aACtB,UAAU,CAAC,QAAQ,CAAC;aACpB,MAAM,CAAC,SAAS,CAAC;aACjB,MAAM,CAAC,KAAK,CAAC,CAAC;QAEjB,+JAA+J;QAE/J,MAAM,KAAK,CAAC,WAAW,CAAC,IAAI,CAAC,EAAE,GAAG,EAAE,CAAC,CAAC;QACtC,MAAM,KAAK,CAAC,WAAW,CAAC,WAAW,EAAE,UAA
[...]
{"line":19,"column":102}},"loc":{"start":{"line":19,"column":114},"end":{"line":24,"column":5}},"line":19}},"branchMap":{"0":{"loc":{"start":{"line":2,"column":16},"end":{"line":10,"column":1}},"type":"binary-expr","locations":[{"start":{"line":2,"column":17},"end":{"line":2,"column":21}},{"start":{"line":2,"column":25},"end":{"line":2,"column":39}},{"start":{"line":2,"column":44},"end":{"line":10,"column":1}}],"line":2},"1":{"loc":{"start":{"line":3,"column":35},"end":{"line":3,"column":109}},"type":"cond-expr","locations":[{"start":{"line":3,"column":56},"end":{"line":3,"column":61}},{"start":{"line":3,"column":64},"end":{"line":3,"column":109}}],"line":3},"2":{"loc":{"start":{"line":4,"column":16},"end":{"line":4,"column":34}},"type":"binary-expr","locations":[{"start":{"line":4,"column":16},"end":{"line":4,"column":17}},{"start":{"line":4,"column":22},"end":{"line":4,"column":33}}],"line":4},"3":{"loc":{"start":{"line":7,"column":32},"end":{"line":7,"column":115}},"type":"cond-expr","locations":[{"start":{"line":7,"column":46},"end":{"line":7,"column":67}},{"start":{"line":7,"column":70},"end":{"line":7,"column":115}}],"line":7},"4":{"loc":{"start":{"line":8,"column":51},"end":{"line":8,"column":67}},"type":"binary-expr","locations":[{"start":{"line":8,"column":51},"end":{"line":8,"column":61}},{"start":{"line":8,"column":65},"end":{"line":8,"column":67}}],"line":8},"5":{"loc":{"start":{"line":11,"column":22},"end":{"line":13,"column":1}},"type":"binary-expr","locations":[{"start":{"line":11,"column":23},"end":{"line":11,"column":27}},{"start":{"line":11,"column":31},"end":{"line":11,"column":51}},{"start":{"line":11,"column":56},"end":{"line":13,"column":1}}],"line":11},"6":{"loc":{"start":{"line":12,"column":11},"end":{"line":12,"column":61}},"type":"cond-expr","locations":[{"start":{"line":12,"column":37},"end":{"line":12,"column":40}},{"start":{"line":12,"column":43},"end":{"line":12,"column":61}}],"line":12},"7":{"loc":{"start":{"line":12,"column":12},"end":{"line":12,"column":33}},"type":"binary-expr","locations":[{"start":{"line":12,"column":12},"end":{"line":12,"column":15}},{"start":{"line":12,"column":19},"end":{"line":12,"column":33}}],"line":12}},"s":{"0":1,"1":1,"2":1,"3":1,"4":1,"5":1,"6":0,"7":0,"8":0,"9":0,"10":2,"11":1,"12":1,"13":2,"14":1,"15":1,"16":1,"17":1,"18":1,"19":1,"20":1,"21":1,"22":1},"f":{"0":1,"1":1,"2":1,"3":1,"4":1,"5":0,"6":2,"7":2,"8":1,"9":1,"10":1},"b":{"0":[1,1,1],"1":[0,1],"2":[1,1],"3":[1,1],"4":[1,1],"5":[1,1,1],"6":[1,1],"7":[2,2]},"inputSourceMap":{"version":3,"file":"C:/Users/Administrator/Desktop/Full-Stack Projects/Small-Blog/API/src/test/handler/5-oauth2.spec.ts","sources":["C:/Users/Administrator/Desktop/Full-Stack Projects/Small-Blog/API/src/test/handler/5-oauth2.spec.ts"],"names":[],"mappings":";;;;;;;;;;;;;;AAAA,+BAA8B;AAC9B,0DAAgC;AAChC,0DAA+B;AAE/B,QAAQ,CAAC,4CAA4C,EAAE,GAAG,EAAE;IAC1D,EAAE,CAAC,oDAAoD,EAAE,GAAS,EAAE;QAClE,MAAM,QAAQ,GAAG,MAAM,IAAA,mBAAO,EAAC,gBAAG,CAAC;aAChC,IAAI,CAAC,sBAAsB,CAAC;aAC5B,MAAM,CAAC,cAAc,EAAE,MAAM,CAAC,CAAC;QAClC,IAAA,aAAM,EAAC,QAAQ,CAAC,MAAM,CAAC,CAAC,EAAE,CAAC,GAAG,CAAC,CAAC;IAClC,CAAC,CAAA,CAAC,CAAC;AACL,CAAC,CAAC,CAAC","sourcesContent":["import { expect } from 'chai';\r\nimport request from 'supertest';\r\nimport app from '../../server';\r\n\r\ndescribe('Oauth2 handler => GET /users/oauth2/google', () => {\r\n  it('Should throw an error if no code is passed in body', async () => {\r\n    const response = await request(app)\r\n      .post('/users/oauth2/google')\r\n      .expect('Content-Type', /text/);\r\n    expect(response.status).eq(500);\r\n  });\r\n});\r\n"]},"_coverageSchema":"1a1c01bbd47fc00a2c39e90264f33305004495a9","hash":"b49a3da10fd2eea226e59d52e0216a969fcd600f","contentHash":"52b94a5f223cd01facb0200b5bd390e0d232d94d80e9114662a27bf6753e87b5"},"C:\\Users\\Administrator\\Desktop\\Full-Stack Projects\\Small-Blog\\API\\src\\test\\model\\user.spec.ts":{"path":"C:\\Users\\Administrator\\Desktop\\Full-Stack Projects\\Small-Blog\\API\\src\\test\\model\\user.spec.ts","statementMap":{"0":{"start":{"line":2,"column":16},"end":{"line":10,"column":1}},"1":{"start":{"line":3,"column":28},"end":{"line":3,"column":110}},"2":{"start":{"line":3,"column":91},"end":{"line":3,"column":106}},"3":{"start":{"line":4,"column":4},"end":{"line":9,"column":7}},"4":{"start":{"line":5,"column":36},"end":{"line":5,"column":97}},"5":{"start":{"line":5,"column":42},"end":{"line":5,"column":70}},"6":{"start":{"line":5,"column":85},"end":{"line":5,"column":95}},"7":{"start":{"line":6,"column":35},"end":{"line":6,"column":100}},"8":{"start":{"line":6,"column":41},"end":{"line":6,"column":73}},"9":{"start":{"line":6,"column":88},"end":{"line":6,"column":98}},"10":{"start":{"line":7,"column":32},"end":{"line":7,"column":116}},"11":{"start":{"line":8,"column":8},"end":{"line":8,"column":78}},"12":{"start":{"line":11,"column":0},"end":{"line":11,"column":62}},"13":{"start":{"line":12,"column":15},"end":{"line":12,"column":44}},"14":{"start":{"line":13,"column":15},"end":{"line":13,"column":30}},"15":{"start":{"line":14,"column":14},"end":{"line":14,"column":31}},"16":{"start":{"line":15,"column":0},"end":{"line":47,"column":3}},"17":{"start":{"line":16,"column":4},"end":{"line":20,"column":8}},"18":{"start":{"line":16,"column":46},"end":{"line":20,"column":6}},"19":{"start":{"line":17,"column":22},"end":{"line":17,"column":41}},"20":{"start":{"line":18,"column":8},"end":{"line":18,"column":54}},"21":{"start":{"line":19,"column":8},"end":{"line":19,"column":87}},"22":{"start":{"line":21,"column":4},"end":{"line":24,"column":8}},"23":{"start":{"line":21,"column":45},"end":{"line":24,"column":6}},"24":{"start":{"line":22,"column":21},"end":{"line":22,"column":47}},"25":{"start":{"line":23,"column":8},"end":{"line":23,"column":65}},"26":{"start":{"line":25,"column":4},"end":{"line":29,"column":8}},"27":{"start":{"line":25,"column":46},"end":{"line":29,"column":6}},"28":{"start":{"line":26,"column":21},"end":{"line":26,"column":45}},"29":{"start":{"line":27,"column":8},"end":{"line":27,"column":110}},"30":{"start":{"line":28,"column":8},"end":{"line":28,"column":54}},"31":{"start":{"line":30,"column":4},"end":{"line":42,"column":8}},"32":{"start":{"line":30,"column":74},"end":{"line":42,"column":6}},"33":{"start":{"line":31,"column":21},"end":{"line":35,"column":9}},"34":{"start":{"line":36,"column":28},"end":{"line":36,"column":52}},"35":{"start":{"line":37,"column":8},"end":{"line":41,"column":11}},"36":{"start":{"line":43,"column":4},"end":{"line":46,"column":8}},"37":{"start":{"line":43,"column":45},"end":{"line":46,"column":6}},"38":{"start":{"line":44,"column":21},"end":{"line":44,"column":44}},"39":{"start":{"line":45,"column":8},"end":{"line":45,"column":45}}},"fnMap":{"0":{"name":"(anonymous_0)","decl":{"start":{"line":2,"column":44},"end":{"line":2,"column":45}},"loc":{"start":{"line":2,"column":89},"end":{"line":10,"column":1}},"line":2},"1":{"name":"adopt","decl":{"start":{"line":3,"column":13},"end":{"line":3,"column":18}},"loc":{"start":{"line":3,"column":26},"end":{"line":3,"column":112}},"line":3},"2":{"name":"(anonymous_2)","decl":{"start":{"line":3,"column":70},"end":{"line":3,"column":71}},"loc":{"start":{"line":3,"column":89},"end":{"line":3,"column":108}},"line":3},"3":{"name":"(anonymous_3)","decl":{"start":{"line":4,"column":36},"end":{"line":4,"column":37}},"loc":{"start":{"line":4,"column":63},"end":{"line":9,"column":5}},"line":4},"4":{"name":"fulfilled","decl":{"start":{"line":5,"column":17},"end":{"line":5,"column":26}},"loc":{"start":{"line":5,"column":34},"end":{"line":5,"column":99}},"line":5},"5":{"name":"rejected","decl":{"start":{"line":6,"column":17},"end":{"line":6,"column":25}},"loc":{"start":{"line":6,"column":33},"end":{"line":6,"column":102}},"line":6},"6":{"name":"step","decl":{"start":{"line":7,"column":17},"end":{"line":7,"column":21}},"loc":{"start":{"line":7,"column":30},"end":{"line":7,"column":118}},"line":7},"7":{"name":"(anonymous_7)","decl":{"start":{"line":15,"column":23},"end":{"line":15,"column":24}},"loc":{"start":{"line":15,"column":29},"end":{"line":47,"column":1}},"line":15},"8":{"name":"(anonymous_8)","decl":{"start":{"line":16,"column":40},"end":{"line":16,"column":41}},"loc":{"start":{"line":16,"column":46},"end":{"line":20,"column":6}},"line":16},"9":{"name":"(anonymous_9)","decl":{"start":{"line":16,"column":80},"end":{"line":16,"column":81}},"loc":{"start":{"line":16,"column":93},"end":{"line":20,"column":5}},"line":16},"10":{"name":"(anonymous_10)","decl":{"start":{"line":21,"column":39},"end":{"line":21,"column":40}},"loc":{"start":{"line":21,"column":45},"end":{"line":24,"column":6}},"line":21},"11":{"name":"(anonymous_11)","decl":{"start":{"line":21,"column":79},"end":{"line":21,"column":80}},"loc":{"start":{"line":21,"column":92},"end":{"line":24,"column":5}},"line":21},"12":{"name":"(anonymous_12)","decl":{"start":{"line":25,"column":40},"end":{"line":25,"column":41}},"loc":{"start":{"line":25,"column":46},"end":{"line":29,"column":6}},"line":25},"13":{"name":"(anonymous_13)","decl":{"start":{"line":25,"column":80},"end":{"line":25,"column":81}},"loc":{"start":{"line":25,"column":93},"end":{"line":29,"column":5}},"line":25},"14":{"name":"(anonymous_14)","decl":{"start":{"line":30,"column":68},"end":{"line":30,"column":69}},"loc":{"start":{"line":30,"column":74},"end":{"line":42,"column":6}},"line":30},"15":{"name":"(anonymous_15)","decl":{"start":{"line":30,"column":108},"end":{"line":30,"column":109}},"loc":{"start":{"line":30,"column":121},"end":{"line":42,"column":5}},"line":30},"16":{"name":"(anonymous_16)","decl":{"start":{"line":43,"column":39},"end":{"line":43,"column":40}},"loc":{"start":{"line":43,"column":45},"end":{"line":46,"column":6}},"line":43},"17":{"name":"(anonymous_17)","decl":{"start":{"line":43,"column":79},"end":{"line":43,"column":80}},"loc":{"start":{"line":43,"column":92},"end":{"line":46,"column":5}},"line":43}},"branchMap":{"0":{"loc":{"start":{"line":2,"column":16},"end":{"line":10,"column":1}},"type":"binary-expr","locations":[{"start":{"line":2,"column":17},"end":{"line":2,"column":21}},{"start":{"line":2,"column":25},"end":{"line":2,"column":39}},{"start":{"line":2,"column":44},"end":{"line":10,"column":1}}],"line":2},"1":{"loc":{"start":{"line":3,"column":35},"end":{"line":3,"column":109}},"type":"cond-expr","locations":[{"start":{"line":3,"column":56},"end":{"line":3,"column":61}},{"start":{"line":3,"column":64},"end":{"line":3,"column":109}}],"line":3},"2":{"loc":{"start":{"line":4,"column":16},"end":{"line":4,"column":34}},"type":"binary-expr","locations":[{"start":{"line":4,"column":16},"end":{"line":4,"column":17}},{"start":{"line":4,"column":22},"end":{"line":4,"column":33}}],"line":4},"3":{"loc":{"start":{"line":7,"column":32},"end":{"line":7,"column":115}},"type":"cond-expr","locations":[{"start":{"line":7,"column":46},"end":{"line":7,"column":67}},{"start":{"line":7,"column":70},"end":{"line":7,"column":115}}],"line":7},"4":{"loc":{"start":{"line":8,"column":51},"end":{"line":8,"column":67}},"type":"binary-expr","locations":[{"start":{"line":8,"column":51},"end":{"line":8,"column":61}},{"start":{"line":8,"column":65},"end":{"line":8,"column":67}}],"line":8}},"s":{"0":1,"1":5,"2":0,"3":5,"4":5,"5":5,"6":0,"7":0,"8":0,"9":0,"10":10,"11":5,"12":1,"13":1,"14":1,"15":1,"16":1,"17":1,"18":1,"19":1,"20":1,"21":1,"22":1,"23":1,"24":1,"25":1,"26":1,"27":1,"28":1,"29":1,"30":1,"31":1,"32":1,"33":1,"34":1,"35":1,"36":1,"37":1,"38":1,"39":1},"f":{"0":5,"1":5,"2":0,"3":5,"4":5,"5":0,"6":10,"7":1,"8":1,"9":1,"10":1,"11":1,"12":1,"13":1,"14":1,"15":1,"16":1,"17":1},"b":{"0":[1,1,1],"1":[5,0],"2":[5,5],"3":[5,5],"4":[5,5]},"inputSourceMap":{"version":3,"file":"C:/Users/Administrator/Desktop/Full-Stack Projects/Small-Blog/API/src/test/model/user.spec.ts","sources":["C:/Users/Administrator/Desktop/Full-Stack Projects/Small-Blog/API/src/test/model/user.spec.ts"],"names":[],"mappings":";;;;;;;;;;;AAAA,6CAA0C;AAC1C,+BAA8B;AAE9B,MAAM,KAAK,GAAG,IAAI,WAAI,EAAE,CAAC;AAEzB,QAAQ,CAAC,YAAY,EAAE,GAAG,EAAE;IAC1B,EAAE,CAAC,+BAA+B,EAAE,GAAS,EAAE;QAC7C,MAAM,KAAK,GAAG,MAAM,KAAK,CAAC,KAAK,EAAE,CAAC;QAClC,IAAA,aAAM,EAAC,KAAK,CAAC,CAAC,EAAE,CAAC,IAAI,CAAC,QAAQ,CAAC,CAAC,CAAC,CAAC;QAClC,IAAA,aAAM,EAAC,KAAK,CAAC,CAAC,EAAE,CAAC,GAAG,CAAC,CAAC,EAAE,KAAK,EAAE,eAAe,EAAE,IAAI,EAAE,QAAQ,EAAE,CAAC,CAAC,CAAC;IACrE,CAAC,CAAA,CAAC,CAAC;IAEH,EAAE,CAAC,8BAA8B,EAAE,GAAS,EAAE;QAC5C,MAAM,IAAI,GAAG,MAAM,KAAK,CAAC,IAAI,CAAC,QAAQ,CAAC,CAAC;QACxC,IAAA,aAAM,EAAC,IAAI,CAAC,CAAC,EAAE,CAAC,IAAI,CAAC,IAAI,CAAC,QAAQ,EAAE,OAAO,CAAC,CAAC;IAC/C,CAAC,CAAA,CAAC,CAAC;IAEH,EAAE,CAAC,+BAA+B,EAAE,GAAS,EAAE;QAC7C,MAAM,IAAI,GAAG,MAAM,KAAK,CAAC,OAAO,CAAC,GAAG,CAAC,CAAC;QACtC,IAAA,aAAM,EAAC,IAAI,CAAC,CAAC,EAAE,CAAC,IAAI,CAAC,IAAI,CACvB,OAAO,EACP,MAAM,EACN,cAAc,EACd,WAAW,EACX,IAAI,EACJ,UAAU,CACX,CAAC;QACF,IAAA,aAAM,EAAC,IAAI,CAAC,IAAI,CAAC,CAAC,EAAE,CAAC,EAAE,CAAC,QAAQ,CAAC,CAAC;IACpC,CAAC,CAAA,CAAC,CAAC;IAEH,EAAE,CAAC,2DAA2D,EAAE,GAAS,EAAE;QACzE,MAAM,IAAI,GAAG;YACX,KAAK,EAAE,oBAAoB;YAC3B,QAAQ,EAAE,QAAQ;YAClB,IAAI,EAAE,SAAS;SAChB,CAAC;QACF,MAAM,WAAW,GAAG,MAAM,KAAK,CAAC,MAAM,CAAC,IAAI,CAAC,CAAC;QAC7C,IAAA,aAAM,EAAC,WAAW,CAAC,CAAC,EAAE,CAAC,GAAG,CAAC;YACzB,KAAK,EAAE,oBAAoB;YAC3B,IAAI,EAAE,SAAS;YACf,EAAE,EAAE,CAAC;SACN,CAAC,CAAC;IACL,CAAC,CAAA,CAAC,CAAC;IAEH,EAAE,CAAC,8BAA8B,EAAE,GAAS,EAAE;QAC5C,MAAM,IAAI,GAAG,MAAM,KAAK,CAAC,MAAM,CAAC,GAAG,CAAC,CAAC;QACrC,IAAA,aAAM,EAAC,IAAI,CAAC,EAAE,CAAC,CAAC,EAAE,CAAC,EAAE,CAAC,CAAC,CAAC,CAAC;IAC3B,CAAC,CAAA,CAAC,CAAC;AACL,CAAC,CAAC,CAAC","sourcesContent":["import { User } from './../../model/user';\r\nimport { expect } from 'chai';\r\n\r\nconst store = new User();\r\n\r\ndescribe('User model', () => {\r\n  it('Should return all users in DB', async () => {\r\n    const users = await store.index();\r\n    expect(users).to.have.lengthOf(1);\r\n    expect(users).to.eql([{ email: 'test@test.com', name: 'Bassel' }]);\r\n  });\r\n\r\n  it('Should return a user by name', async () => {\r\n    const user = await store.show('Bassel');\r\n    expect(user).to.have.keys('author', 'posts');\r\n  });\r\n\r\n  it('Should return a user by it id', async () => {\r\n    const user = await store.getById('1');\r\n    expect(user).to.have.keys(\r\n      'email',\r\n      'name',\r\n      'refreshtoken',\r\n      'confirmed',\r\n      'id',\r\n      'password'\r\n    );\r\n    expect(user.name).to.eq('Bassel');\r\n  });\r\n\r\n  it('Should create new user in database with correct user info', async () => {\r\n    const user = {\r\n      email: 'bassel@example.com',\r\n      password: '000000',\r\n      name: 'example',\r\n    };\r\n    const createdUser = await store.create(user);\r\n    expect(createdUser).to.eql({\r\n      email: 'bassel@example.com',\r\n      name: 'example',\r\n      id: 2,\r\n    });\r\n  });\r\n\r\n  it('Should delete user with id 2', async () => {\r\n    const user = await store.delete('2');\r\n    expect(user.id).to.eq(2);\r\n  });\r\n});\r\n"]},"_coverageSchema":"1a1c01bbd47fc00a2c39e90264f33305004495a9","hash":"2ca82cabf2ec6dfda8377e05119336d85dc6c196","contentHash":"c8843b8152efd536c3083b5e78d9c37be6fe77b214d67aa27c3a96b6b23f88d1"},"C:\\Users\\Administrator\\Desktop\\Full-Stack Projects\\Small-Blog\\API\\src\\test\\util\\date.spec.ts":{"path":"C:\\Users\\Administrator\\Desktop\\Full-Stack Projects\\Small-Blog\\API\\src\\test\\util\\date.spec.ts","statementMap":{"0":{"start":{"line":2,"column":22},"end":{"line":4,"column":1}},"1":{"start":{"line":3,"column":4},"end":{"line":3,"column":62}},"2":{"start":{"line":5,"column":0},"end":{"line":5,"column":62}},"3":{"start":{"line":6,"column":15},"end":{"line":6,"column":30}},"4":{"start":{"line":7,"column":15},"end":{"line":7,"column":58}},"5":{"start":{"line":8,"column":0},"end":{"line":13,"column":3}},"6":{"start":{"line":9,"column":4},"end":{"line":12,"column":7}},"7":{"start":{"line":10,"column":8},"end":{"line":10,"column":68}},"8":{"start":{"line":11,"column":8},"end":{"line":11,"column":82}}},"fnMap":{"0":{"name":"(anonymous_0)","decl":{"start":{"line":2,"column":56},"end":{"line":2,"column":57}},"loc":{"start":{"line":2,"column":71},"end":{"line":4,"column":1}},"line":2},"1":{"name":"(anonymous_1)","decl":{"start":{"line":8,"column":34},"end":{"line":8,"column":35}},"loc":{"start":{"line":8,"column":40},"end":{"line":13,"column":1}},"line":8},"2":{"name":"(anonymous_2)","decl":{"start":{"line":9,"column":58},"end":{"line":9,"column":59}},"loc":{"start":{"line":9,"column":64},"end":{"line":12,"column":5}},"line":9}},"branchMap":{"0":{"loc":{"start":{"line":2,"column":22},"end":{"line":4,"column":1}},"type":"binary-expr","locations":[{"start":{"line":2,"column":23},"end":{"line":2,"column":27}},{"start":{"line":2,"column":31},"end":{"line":2,"column":51}},{"start":{"line":2,"column":56},"end":{"line":4,"column":1}}],"line":2},"1":{"loc":{"start":{"line":3,"column":11},"end":{"line":3,"column":61}},"type":"cond-expr","locations":[{"start":{"line":3,"column":37},"end":{"line":3,"column":40}},{"start":{"line":3,"column":43},"end":{"line":3,"column":61}}],"line":3},"2":{"loc":{"start":{"line":3,"column":12},"end":{"line":3,"column":33}},"type":"binary-expr","locations":[{"start":{"line":3,"column":12},"end":{"line":3,"column":15}},{"start":{"line":3,"column":19},"end":{"line":3,"column":33}}],"line":3}},"s":{"0":1,"1":1,"2":1,"3":1,"4":1,"5":1,"6":1,"7":1,"8":1},"f":{"0":1,"1":1,"2":1},"b":{"0":[1,1,1],"1":[1,0],"2":[1,1]},"inputSourceMap":{"version":3,"file":"C:/Users/Administrator/Desktop/Full-Stack Projects/Small-Blog/API/src/test/util/date.spec.ts","sources":["C:/Users/Administrator/Desktop/Full-Stack Projects/Small-Blog/API/src/test/util/date.spec.ts"],"names":[],"mappings":";;;;;AAAA,+BAA8B;AAC9B,2DAAyC;AAEzC,QAAQ,CAAC,uBAAuB,EAAE,GAAG,EAAE;IACrC,EAAE,CAAC,iDAAiD,EAAE,GAAG,EAAE;QACzD,IAAA,aAAM,EAAC,IAAA,cAAU,GAAE,CAAC,CAAC,EAAE,CAAC,EAAE,CAAC,CAAC,CAAC,QAAQ,CAAC,CAAC;QACvC,IAAA,aAAM,EAAC,IAAA,cAAU,GAAE,CAAC,CAAC,EAAE,CAAC,IAAI,IAAI,EAAE,CAAC,cAAc,EAAE,CAAC,CAAC;IACvD,CAAC,CAAC,CAAC;AACL,CAAC,CAAC,CAAC","sourcesContent":["import { expect } from 'chai';\r\nimport dateFormat from '../../util/date';\r\n\r\ndescribe('current date function', () => {\r\n  it('Should return the current date after its called', () => {\r\n    expect(dateFormat()).to.be.a('string');\r\n    expect(dateFormat()).eq(new Date().toLocaleString());\r\n  });\r\n});\r\n"]},"_coverageSchema":"1a1c01bbd47fc00a2c39e90264f33305004495a9","hash":"31f7576b791ec6925c91979317055adc3f0055bf","contentHash":"be6e1772e1d6716a9d958f74b1454ce499631a69dba7551894296c9ec459d949"},"C:\\Users\\Administrator\\Desktop\\Full-Stack Projects\\Small-Blog\\API\\src\\util\\date.ts":{"path":"C:\\Users\\Administrator\\Desktop\\Full-Stack Projects\\Small-Blog\\API\\src\\util\\date.ts","statementMap":{"0":{"start":{"line":2,"column":0},"end":{"line":2,"column":62}},"1":{"start":{"line":3,"column":19},"end":{"line":5,"column":1}},"2":{"start":{"line":4,"column":4},"end":{"line":4,"column":49}},"3":{"start":{"line":6,"column":0},"end":{"line":6,"column":29}}},"fnMap":{"0":{"name":"(anonymous_0)","decl":{"start":{"line":3,"column":19},"end":{"line":3,"column":20}},"loc":{"start":{"line":3,"column":25},"end":{"line":5,"column":1}},"line":3}},"branchMap":{},"s":{"0":1,"1":1,"2":2,"3":1},"f":{"0":2},"b":{},"inputSourceMap":{"version":3,"file":"C:/Users/Administrator/Desktop/Full-Stack Projects/Small-Blog/API/src/util/date.ts","sources":["C:/Users/Administrator/Desktop/Full-Stack Projects/Small-Blog/API/src/util/date.ts"],"names":[],"mappings":";;AAAA,MAAM,UAAU,GAAG,GAAG,EAAE;IACtB,OAAO,IAAI,IAAI,CAAC,IAAI,CAAC,GAAG,EAAE,CAAC,CAAC,cAAc,EAAE,CAAC;AAC/C,CAAC,CAAC;AAEF,kBAAe,UAAU,CAAC","sourcesContent":["const dateFormat = () => {\r\n  return new Date(Date.now()).toLocaleString();\r\n};\r\n\r\nexport default dateFormat;\r\n"]},"_coverageSchema":"1a1c01bbd47fc00a2c39e90264f33305004495a9","hash":"cfb9f0322294aa4b895ca9ef7327cc3e8fa1f072","contentHash":"56ddeb9198d12834fe8db821dbd908123bcce71e5cc63d168d6bab11654ce6bc"}}